[27-Jun-2024 10:57:20 UTC] PHP Warning:  Undefined variable $rbt_products in C:\Users\HP\Local Sites\rainbow-themes\app\public\wp-content\plugins\rainbowit-core\include\ajax_requests.php on line 80
[27-Jun-2024 11:00:38 UTC] PHP Warning:  Undefined variable $rbt_products in C:\Users\HP\Local Sites\rainbow-themes\app\public\wp-content\plugins\rainbowit-core\include\ajax_requests.php on line 83
[30-Jun-2024 04:33:55 UTC] WordPress database error You have an error in your SQL syntax; check the manual that corresponds to your MySQL server version for the right syntax to use near 'wp_posts.post_title LIKE '%doob%'  AND ((wp_posts.post_type = 'product' AND (wp_' at line 3 for query SELECT   wp_posts.*
			 FROM wp_posts 
			 WHERE 1=1 wp_posts.post_title LIKE '%doob%'  AND ((wp_posts.post_type = 'product' AND (wp_posts.post_status = 'publish' OR wp_posts.post_status = 'acf-disabled' OR wp_posts.post_status = 'future' OR wp_posts.post_status = 'draft' OR wp_posts.post_status = 'pending' 
OR wp_posts.post_status = 'private')))
			 
			 ORDER BY wp_posts.post_title LIKE '%doob%' DESC, wp_posts.post_date DESC
			  made by do_action('wp_ajax_rbt_ajax_header_search'), WP_Hook->do_action, WP_Hook->apply_filters, ajax_requests->rbt_ajax_header_search_func, WP_Query->__construct, WP_Query->query, WP_Query->get_posts
[30-Jun-2024 05:59:28 UTC] Cron reschedule event error for hook: rainbowit_envato_api_hook_run4, Error code: could_not_set, Error message: The cron event list could not be saved., Data: {"schedule":"daily","args":[],"interval":86400}
[30-Jun-2024 07:41:36 UTC] PHP Warning:  Undefined variable $rbt_products in C:\Users\HP\Local Sites\rainbow-themes\app\public\wp-content\plugins\rainbowit-core\include\ajax_requests.php on line 133
[30-Jun-2024 09:17:22 UTC] PHP Notice:  Function wpdb::prepare was called incorrectly. The query does not contain the correct number of placeholders (1) for the number of arguments passed (0). Please see <a>Debugging in WordPress</a> for more information. (This message was added in version 4.8.3.) in C:\Users\HP\Local Sites\rainbow-themes\app\public\wp-includes\functions.php on line 6078
[30-Jun-2024 09:17:31 UTC] PHP Notice:  Function wpdb::prepare was called incorrectly. The query does not contain the correct number of placeholders (1) for the number of arguments passed (0). Please see <a>Debugging in WordPress</a> for more information. (This message was added in version 4.8.3.) in C:\Users\HP\Local Sites\rainbow-themes\app\public\wp-includes\functions.php on line 6078
[30-Jun-2024 09:20:17 UTC] PHP Notice:  Function wpdb::prepare was called incorrectly. The query does not contain the correct number of placeholders (1) for the number of arguments passed (0). Please see <a>Debugging in WordPress</a> for more information. (This message was added in version 4.8.3.) in C:\Users\HP\Local Sites\rainbow-themes\app\public\wp-includes\functions.php on line 6078
[30-Jun-2024 09:20:23 UTC] WordPress database error You have an error in your SQL syntax; check the manual that corresponds to your MySQL server version for the right syntax to use near 'SELECT * FROM wp_posts WHERE post_status = 'publish' AND wp_posts.post_title LIK' at line 3 for query SELECT   wp_posts.*
			 FROM wp_posts 
			 WHERE 1=1 SELECT * FROM wp_posts WHERE post_status = 'publish' AND wp_posts.post_title LIKE '%n% AND ((wp_posts.post_type = 'product' AND (wp_posts.post_status = 'publish' OR wp_posts.post_status = 'acf-disabled' OR wp_posts.post_status = 'future' OR wp_posts.post_status = 'draft' OR wp_posts.post_status = 'pending')))
			 
			 ORDER BY wp_posts.post_title LIKE '%n%' DESC, wp_posts.post_date DESC
			  made by do_action('wp_ajax_nopriv_rbt_ajax_header_search'), WP_Hook->do_action, WP_Hook->apply_filters, ajax_requests->rbt_ajax_header_search_func, WP_Query->__construct, WP_Query->query, WP_Query->get_posts
[30-Jun-2024 09:20:24 UTC] WordPress database error You have an error in your SQL syntax; check the manual that corresponds to your MySQL server version for the right syntax to use near 'SELECT * FROM wp_posts WHERE post_status = 'publish' AND wp_posts.post_title LIK' at line 3 for query SELECT   wp_posts.*
			 FROM wp_posts 
			 WHERE 1=1 SELECT * FROM wp_posts WHERE post_status = 'publish' AND wp_posts.post_title LIKE '%nuron% AND ((wp_posts.post_type = 'product' AND (wp_posts.post_status = 'publish' OR wp_posts.post_status = 'acf-disabled' OR wp_posts.post_status = 'future' OR wp_posts.post_status = 'draft' OR wp_posts.post_status = 'pending')))
			 
			 ORDER BY wp_posts.post_title LIKE '%nuron%' DESC, wp_posts.post_date DESC
			  made by do_action('wp_ajax_nopriv_rbt_ajax_header_search'), WP_Hook->do_action, WP_Hook->apply_filters, ajax_requests->rbt_ajax_header_search_func, WP_Query->__construct, WP_Query->query, WP_Query->get_posts
[30-Jun-2024 09:20:31 UTC] WordPress database error You have an error in your SQL syntax; check the manual that corresponds to your MySQL server version for the right syntax to use near 'SELECT * FROM wp_posts WHERE post_status = 'publish' AND wp_posts.post_title LIK' at line 3 for query SELECT   wp_posts.*
			 FROM wp_posts 
			 WHERE 1=1 SELECT * FROM wp_posts WHERE post_status = 'publish' AND wp_posts.post_title LIKE '%nuron% AND ((wp_posts.post_type = 'product' AND (wp_posts.post_status = 'publish' OR wp_posts.post_status = 'acf-disabled' OR wp_posts.post_status = 'future' OR wp_posts.post_status = 'draft' OR wp_posts.post_status = 'pending')))
			 
			 ORDER BY wp_posts.post_title LIKE '%nuron%' DESC, wp_posts.post_date DESC
			  made by do_action('wp_ajax_nopriv_rbt_ajax_header_search'), WP_Hook->do_action, WP_Hook->apply_filters, ajax_requests->rbt_ajax_header_search_func, WP_Query->__construct, WP_Query->query, WP_Query->get_posts
[30-Jun-2024 09:21:58 UTC] WordPress database error You have an error in your SQL syntax; check the manual that corresponds to your MySQL server version for the right syntax to use near 'SELECT * FROM wp_posts WHERE post_status = 'publish' AND post_title LIKE '%fdfds' at line 3 for query SELECT   wp_posts.*
			 FROM wp_posts 
			 WHERE 1=1 SELECT * FROM wp_posts WHERE post_status = 'publish' AND post_title LIKE '%fdfdsgdfg%' AND ((wp_posts.post_type = 'product' AND (wp_posts.post_status = 'publish' OR wp_posts.post_status = 'acf-disabled' OR wp_posts.post_status = 'future' OR wp_posts.post_status = 'draft' OR wp_posts.post_status = 'pending')))
			 
			 ORDER BY wp_posts.post_title LIKE '%fdfdsgdfg%' DESC, wp_posts.post_date DESC
			  made by do_action('wp_ajax_nopriv_rbt_ajax_header_search'), WP_Hook->do_action, WP_Hook->apply_filters, ajax_requests->rbt_ajax_header_search_func, WP_Query->__construct, WP_Query->query, WP_Query->get_posts
[30-Jun-2024 09:22:10 UTC] WordPress database error You have an error in your SQL syntax; check the manual that corresponds to your MySQL server version for the right syntax to use near 'SELECT * FROM wp_posts WHERE post_status = 'publish' AND post_title LIKE '%nuron' at line 3 for query SELECT   wp_posts.*
			 FROM wp_posts 
			 WHERE 1=1 SELECT * FROM wp_posts WHERE post_status = 'publish' AND post_title LIKE '%nuron%' AND ((wp_posts.post_type = 'product' AND (wp_posts.post_status = 'publish' OR wp_posts.post_status = 'acf-disabled' OR wp_posts.post_status = 'future' OR wp_posts.post_status = 'draft' OR wp_posts.post_status = 'pending')))
			 
			 ORDER BY wp_posts.post_title LIKE '%nuron%' DESC, wp_posts.post_date DESC
			  made by do_action('wp_ajax_nopriv_rbt_ajax_header_search'), WP_Hook->do_action, WP_Hook->apply_filters, ajax_requests->rbt_ajax_header_search_func, WP_Query->__construct, WP_Query->query, WP_Query->get_posts
[30-Jun-2024 09:22:59 UTC] PHP Warning:  Array to string conversion in C:\Users\HP\Local Sites\rainbow-themes\app\public\wp-includes\class-wp-query.php on line 2406
[30-Jun-2024 09:22:59 UTC] WordPress database error You have an error in your SQL syntax; check the manual that corresponds to your MySQL server version for the right syntax to use near 'Array AND ((wp_posts.post_type = 'product' AND (wp_posts.post_status = 'publish'' at line 3 for query SELECT   wp_posts.*
			 FROM wp_posts 
			 WHERE 1=1 Array AND ((wp_posts.post_type = 'product' AND (wp_posts.post_status = 'publish' OR wp_posts.post_status = 'acf-disabled' OR wp_posts.post_status = 'future' OR wp_posts.post_status = 'draft' OR wp_posts.post_status = 'pending')))
			 
			 ORDER BY wp_posts.post_title LIKE '%dfdgdgfg%' DESC, wp_posts.post_date DESC
			  made by do_action('wp_ajax_nopriv_rbt_ajax_header_search'), WP_Hook->do_action, WP_Hook->apply_filters, ajax_requests->rbt_ajax_header_search_func, WP_Query->__construct, WP_Query->query, WP_Query->get_posts
[30-Jun-2024 09:23:11 UTC] PHP Warning:  Array to string conversion in C:\Users\HP\Local Sites\rainbow-themes\app\public\wp-includes\class-wp-query.php on line 2406
[30-Jun-2024 09:23:11 UTC] WordPress database error You have an error in your SQL syntax; check the manual that corresponds to your MySQL server version for the right syntax to use near 'Array AND ((wp_posts.post_type = 'product' AND (wp_posts.post_status = 'publish'' at line 3 for query SELECT   wp_posts.*
			 FROM wp_posts 
			 WHERE 1=1 Array AND ((wp_posts.post_type = 'product' AND (wp_posts.post_status = 'publish' OR wp_posts.post_status = 'acf-disabled' OR wp_posts.post_status = 'future' OR wp_posts.post_status = 'draft' OR wp_posts.post_status = 'pending')))
			 
			 ORDER BY wp_posts.post_title LIKE '%nuron%' DESC, wp_posts.post_date DESC
			  made by do_action('wp_ajax_nopriv_rbt_ajax_header_search'), WP_Hook->do_action, WP_Hook->apply_filters, ajax_requests->rbt_ajax_header_search_func, WP_Query->__construct, WP_Query->query, WP_Query->get_posts
[01-Jul-2024 09:18:22 UTC] PHP Warning:  Undefined array key "action" in C:\Users\HP\Local Sites\rainbow-themes\app\public\wp-content\themes\rainbowit\page.php on line 15
[02-Jul-2024 03:48:09 UTC] PHP Deprecated:  Hook woocommerce_rest_api_option_permissions is deprecated since version 6.3.0 with no alternative available. in C:\Users\HP\Local Sites\rainbow-themes\app\public\wp-includes\functions.php on line 6078
[02-Jul-2024 03:48:09 UTC] PHP Deprecated:  Hook woocommerce_rest_api_option_permissions is deprecated since version 6.3.0 with no alternative available. in C:\Users\HP\Local Sites\rainbow-themes\app\public\wp-includes\functions.php on line 6078
[02-Jul-2024 03:48:10 UTC] PHP Deprecated:  Hook woocommerce_rest_api_option_permissions is deprecated since version 6.3.0 with no alternative available. in C:\Users\HP\Local Sites\rainbow-themes\app\public\wp-includes\functions.php on line 6078
[02-Jul-2024 03:48:10 UTC] PHP Deprecated:  Hook woocommerce_rest_api_option_permissions is deprecated since version 6.3.0 with no alternative available. in C:\Users\HP\Local Sites\rainbow-themes\app\public\wp-includes\functions.php on line 6078
[02-Jul-2024 03:48:10 UTC] PHP Deprecated:  Hook woocommerce_rest_api_option_permissions is deprecated since version 6.3.0 with no alternative available. in C:\Users\HP\Local Sites\rainbow-themes\app\public\wp-includes\functions.php on line 6078
[02-Jul-2024 03:48:10 UTC] PHP Deprecated:  Hook woocommerce_rest_api_option_permissions is deprecated since version 6.3.0 with no alternative available. in C:\Users\HP\Local Sites\rainbow-themes\app\public\wp-includes\functions.php on line 6078
[02-Jul-2024 03:48:10 UTC] PHP Deprecated:  Hook woocommerce_rest_api_option_permissions is deprecated since version 6.3.0 with no alternative available. in C:\Users\HP\Local Sites\rainbow-themes\app\public\wp-includes\functions.php on line 6078
[02-Jul-2024 03:48:10 UTC] PHP Deprecated:  Hook woocommerce_rest_api_option_permissions is deprecated since version 6.3.0 with no alternative available. in C:\Users\HP\Local Sites\rainbow-themes\app\public\wp-includes\functions.php on line 6078
[02-Jul-2024 03:48:10 UTC] PHP Deprecated:  Hook woocommerce_rest_api_option_permissions is deprecated since version 6.3.0 with no alternative available. in C:\Users\HP\Local Sites\rainbow-themes\app\public\wp-includes\functions.php on line 6078
[02-Jul-2024 03:48:10 UTC] PHP Deprecated:  Hook woocommerce_rest_api_option_permissions is deprecated since version 6.3.0 with no alternative available. in C:\Users\HP\Local Sites\rainbow-themes\app\public\wp-includes\functions.php on line 6078
[02-Jul-2024 03:48:10 UTC] PHP Deprecated:  Hook woocommerce_rest_api_option_permissions is deprecated since version 6.3.0 with no alternative available. in C:\Users\HP\Local Sites\rainbow-themes\app\public\wp-includes\functions.php on line 6078
[02-Jul-2024 03:48:10 UTC] PHP Deprecated:  Hook woocommerce_rest_api_option_permissions is deprecated since version 6.3.0 with no alternative available. in C:\Users\HP\Local Sites\rainbow-themes\app\public\wp-includes\functions.php on line 6078
[02-Jul-2024 03:48:10 UTC] PHP Deprecated:  Hook woocommerce_rest_api_option_permissions is deprecated since version 6.3.0 with no alternative available. in C:\Users\HP\Local Sites\rainbow-themes\app\public\wp-includes\functions.php on line 6078
[02-Jul-2024 03:48:10 UTC] PHP Deprecated:  Hook woocommerce_rest_api_option_permissions is deprecated since version 6.3.0 with no alternative available. in C:\Users\HP\Local Sites\rainbow-themes\app\public\wp-includes\functions.php on line 6078
[02-Jul-2024 03:48:10 UTC] PHP Deprecated:  Hook woocommerce_rest_api_option_permissions is deprecated since version 6.3.0 with no alternative available. in C:\Users\HP\Local Sites\rainbow-themes\app\public\wp-includes\functions.php on line 6078
[02-Jul-2024 03:48:10 UTC] PHP Deprecated:  Hook woocommerce_rest_api_option_permissions is deprecated since version 6.3.0 with no alternative available. in C:\Users\HP\Local Sites\rainbow-themes\app\public\wp-includes\functions.php on line 6078
[02-Jul-2024 03:48:10 UTC] PHP Deprecated:  Hook woocommerce_rest_api_option_permissions is deprecated since version 6.3.0 with no alternative available. in C:\Users\HP\Local Sites\rainbow-themes\app\public\wp-includes\functions.php on line 6078
[02-Jul-2024 03:48:10 UTC] PHP Deprecated:  Hook woocommerce_rest_api_option_permissions is deprecated since version 6.3.0 with no alternative available. in C:\Users\HP\Local Sites\rainbow-themes\app\public\wp-includes\functions.php on line 6078
[02-Jul-2024 03:56:51 UTC] PHP Deprecated:  Hook woocommerce_rest_api_option_permissions is deprecated since version 6.3.0 with no alternative available. in C:\Users\HP\Local Sites\rainbow-themes\app\public\wp-includes\functions.php on line 6078
[02-Jul-2024 03:56:51 UTC] PHP Deprecated:  Hook woocommerce_rest_api_option_permissions is deprecated since version 6.3.0 with no alternative available. in C:\Users\HP\Local Sites\rainbow-themes\app\public\wp-includes\functions.php on line 6078
[02-Jul-2024 03:56:52 UTC] PHP Deprecated:  Hook woocommerce_rest_api_option_permissions is deprecated since version 6.3.0 with no alternative available. in C:\Users\HP\Local Sites\rainbow-themes\app\public\wp-includes\functions.php on line 6078
[02-Jul-2024 03:56:52 UTC] PHP Deprecated:  Hook woocommerce_rest_api_option_permissions is deprecated since version 6.3.0 with no alternative available. in C:\Users\HP\Local Sites\rainbow-themes\app\public\wp-includes\functions.php on line 6078
[02-Jul-2024 03:56:52 UTC] PHP Deprecated:  Hook woocommerce_rest_api_option_permissions is deprecated since version 6.3.0 with no alternative available. in C:\Users\HP\Local Sites\rainbow-themes\app\public\wp-includes\functions.php on line 6078
[02-Jul-2024 03:56:52 UTC] PHP Deprecated:  Hook woocommerce_rest_api_option_permissions is deprecated since version 6.3.0 with no alternative available. in C:\Users\HP\Local Sites\rainbow-themes\app\public\wp-includes\functions.php on line 6078
[02-Jul-2024 03:56:52 UTC] PHP Deprecated:  Hook woocommerce_rest_api_option_permissions is deprecated since version 6.3.0 with no alternative available. in C:\Users\HP\Local Sites\rainbow-themes\app\public\wp-includes\functions.php on line 6078
[02-Jul-2024 03:56:52 UTC] PHP Deprecated:  Hook woocommerce_rest_api_option_permissions is deprecated since version 6.3.0 with no alternative available. in C:\Users\HP\Local Sites\rainbow-themes\app\public\wp-includes\functions.php on line 6078
[02-Jul-2024 03:56:52 UTC] PHP Deprecated:  Hook woocommerce_rest_api_option_permissions is deprecated since version 6.3.0 with no alternative available. in C:\Users\HP\Local Sites\rainbow-themes\app\public\wp-includes\functions.php on line 6078
[02-Jul-2024 03:56:52 UTC] PHP Deprecated:  Hook woocommerce_rest_api_option_permissions is deprecated since version 6.3.0 with no alternative available. in C:\Users\HP\Local Sites\rainbow-themes\app\public\wp-includes\functions.php on line 6078
[02-Jul-2024 03:56:52 UTC] PHP Deprecated:  Hook woocommerce_rest_api_option_permissions is deprecated since version 6.3.0 with no alternative available. in C:\Users\HP\Local Sites\rainbow-themes\app\public\wp-includes\functions.php on line 6078
[02-Jul-2024 03:56:52 UTC] PHP Deprecated:  Hook woocommerce_rest_api_option_permissions is deprecated since version 6.3.0 with no alternative available. in C:\Users\HP\Local Sites\rainbow-themes\app\public\wp-includes\functions.php on line 6078
[02-Jul-2024 03:56:52 UTC] PHP Deprecated:  Hook woocommerce_rest_api_option_permissions is deprecated since version 6.3.0 with no alternative available. in C:\Users\HP\Local Sites\rainbow-themes\app\public\wp-includes\functions.php on line 6078
[02-Jul-2024 03:56:52 UTC] PHP Deprecated:  Hook woocommerce_rest_api_option_permissions is deprecated since version 6.3.0 with no alternative available. in C:\Users\HP\Local Sites\rainbow-themes\app\public\wp-includes\functions.php on line 6078
[02-Jul-2024 03:56:52 UTC] PHP Deprecated:  Hook woocommerce_rest_api_option_permissions is deprecated since version 6.3.0 with no alternative available. in C:\Users\HP\Local Sites\rainbow-themes\app\public\wp-includes\functions.php on line 6078
[02-Jul-2024 03:56:52 UTC] PHP Deprecated:  Hook woocommerce_rest_api_option_permissions is deprecated since version 6.3.0 with no alternative available. in C:\Users\HP\Local Sites\rainbow-themes\app\public\wp-includes\functions.php on line 6078
[02-Jul-2024 03:56:52 UTC] PHP Deprecated:  Hook woocommerce_rest_api_option_permissions is deprecated since version 6.3.0 with no alternative available. in C:\Users\HP\Local Sites\rainbow-themes\app\public\wp-includes\functions.php on line 6078
[02-Jul-2024 03:56:52 UTC] PHP Deprecated:  Hook woocommerce_rest_api_option_permissions is deprecated since version 6.3.0 with no alternative available. in C:\Users\HP\Local Sites\rainbow-themes\app\public\wp-includes\functions.php on line 6078
[02-Jul-2024 03:56:55 UTC] PHP Deprecated:  Hook woocommerce_rest_api_option_permissions is deprecated since version 6.3.0 with no alternative available. in C:\Users\HP\Local Sites\rainbow-themes\app\public\wp-includes\functions.php on line 6078
[02-Jul-2024 03:56:55 UTC] PHP Deprecated:  Hook woocommerce_rest_api_option_permissions is deprecated since version 6.3.0 with no alternative available. in C:\Users\HP\Local Sites\rainbow-themes\app\public\wp-includes\functions.php on line 6078
[02-Jul-2024 03:56:56 UTC] PHP Deprecated:  Hook woocommerce_rest_api_option_permissions is deprecated since version 6.3.0 with no alternative available. in C:\Users\HP\Local Sites\rainbow-themes\app\public\wp-includes\functions.php on line 6078
[02-Jul-2024 03:56:56 UTC] PHP Deprecated:  Hook woocommerce_rest_api_option_permissions is deprecated since version 6.3.0 with no alternative available. in C:\Users\HP\Local Sites\rainbow-themes\app\public\wp-includes\functions.php on line 6078
[02-Jul-2024 03:56:56 UTC] PHP Deprecated:  Hook woocommerce_rest_api_option_permissions is deprecated since version 6.3.0 with no alternative available. in C:\Users\HP\Local Sites\rainbow-themes\app\public\wp-includes\functions.php on line 6078
[02-Jul-2024 03:56:56 UTC] PHP Deprecated:  Hook woocommerce_rest_api_option_permissions is deprecated since version 6.3.0 with no alternative available. in C:\Users\HP\Local Sites\rainbow-themes\app\public\wp-includes\functions.php on line 6078
[02-Jul-2024 03:56:56 UTC] PHP Deprecated:  Hook woocommerce_rest_api_option_permissions is deprecated since version 6.3.0 with no alternative available. in C:\Users\HP\Local Sites\rainbow-themes\app\public\wp-includes\functions.php on line 6078
[02-Jul-2024 03:56:56 UTC] PHP Deprecated:  Hook woocommerce_rest_api_option_permissions is deprecated since version 6.3.0 with no alternative available. in C:\Users\HP\Local Sites\rainbow-themes\app\public\wp-includes\functions.php on line 6078
[02-Jul-2024 03:56:56 UTC] PHP Deprecated:  Hook woocommerce_rest_api_option_permissions is deprecated since version 6.3.0 with no alternative available. in C:\Users\HP\Local Sites\rainbow-themes\app\public\wp-includes\functions.php on line 6078
[02-Jul-2024 03:56:56 UTC] PHP Deprecated:  Hook woocommerce_rest_api_option_permissions is deprecated since version 6.3.0 with no alternative available. in C:\Users\HP\Local Sites\rainbow-themes\app\public\wp-includes\functions.php on line 6078
[02-Jul-2024 03:56:56 UTC] PHP Deprecated:  Hook woocommerce_rest_api_option_permissions is deprecated since version 6.3.0 with no alternative available. in C:\Users\HP\Local Sites\rainbow-themes\app\public\wp-includes\functions.php on line 6078
[02-Jul-2024 03:56:56 UTC] PHP Deprecated:  Hook woocommerce_rest_api_option_permissions is deprecated since version 6.3.0 with no alternative available. in C:\Users\HP\Local Sites\rainbow-themes\app\public\wp-includes\functions.php on line 6078
[02-Jul-2024 03:56:56 UTC] PHP Deprecated:  Hook woocommerce_rest_api_option_permissions is deprecated since version 6.3.0 with no alternative available. in C:\Users\HP\Local Sites\rainbow-themes\app\public\wp-includes\functions.php on line 6078
[02-Jul-2024 03:56:56 UTC] PHP Deprecated:  Hook woocommerce_rest_api_option_permissions is deprecated since version 6.3.0 with no alternative available. in C:\Users\HP\Local Sites\rainbow-themes\app\public\wp-includes\functions.php on line 6078
[02-Jul-2024 03:56:56 UTC] PHP Deprecated:  Hook woocommerce_rest_api_option_permissions is deprecated since version 6.3.0 with no alternative available. in C:\Users\HP\Local Sites\rainbow-themes\app\public\wp-includes\functions.php on line 6078
[02-Jul-2024 03:56:56 UTC] PHP Deprecated:  Hook woocommerce_rest_api_option_permissions is deprecated since version 6.3.0 with no alternative available. in C:\Users\HP\Local Sites\rainbow-themes\app\public\wp-includes\functions.php on line 6078
[02-Jul-2024 03:56:56 UTC] PHP Deprecated:  Hook woocommerce_rest_api_option_permissions is deprecated since version 6.3.0 with no alternative available. in C:\Users\HP\Local Sites\rainbow-themes\app\public\wp-includes\functions.php on line 6078
[02-Jul-2024 03:56:56 UTC] PHP Deprecated:  Hook woocommerce_rest_api_option_permissions is deprecated since version 6.3.0 with no alternative available. in C:\Users\HP\Local Sites\rainbow-themes\app\public\wp-includes\functions.php on line 6078
[02-Jul-2024 03:56:56 UTC] PHP Deprecated:  Hook woocommerce_rest_api_option_permissions is deprecated since version 6.3.0 with no alternative available. in C:\Users\HP\Local Sites\rainbow-themes\app\public\wp-includes\functions.php on line 6078
[02-Jul-2024 03:56:56 UTC] PHP Deprecated:  Hook woocommerce_rest_api_option_permissions is deprecated since version 6.3.0 with no alternative available. in C:\Users\HP\Local Sites\rainbow-themes\app\public\wp-includes\functions.php on line 6078
[02-Jul-2024 03:57:01 UTC] PHP Deprecated:  Hook woocommerce_rest_api_option_permissions is deprecated since version 6.3.0 with no alternative available. in C:\Users\HP\Local Sites\rainbow-themes\app\public\wp-includes\functions.php on line 6078
[02-Jul-2024 03:57:01 UTC] PHP Deprecated:  Hook woocommerce_rest_api_option_permissions is deprecated since version 6.3.0 with no alternative available. in C:\Users\HP\Local Sites\rainbow-themes\app\public\wp-includes\functions.php on line 6078
[02-Jul-2024 03:57:02 UTC] PHP Deprecated:  Hook woocommerce_rest_api_option_permissions is deprecated since version 6.3.0 with no alternative available. in C:\Users\HP\Local Sites\rainbow-themes\app\public\wp-includes\functions.php on line 6078
[02-Jul-2024 03:57:02 UTC] PHP Deprecated:  Hook woocommerce_rest_api_option_permissions is deprecated since version 6.3.0 with no alternative available. in C:\Users\HP\Local Sites\rainbow-themes\app\public\wp-includes\functions.php on line 6078
[02-Jul-2024 03:57:02 UTC] PHP Deprecated:  Hook woocommerce_rest_api_option_permissions is deprecated since version 6.3.0 with no alternative available. in C:\Users\HP\Local Sites\rainbow-themes\app\public\wp-includes\functions.php on line 6078
[02-Jul-2024 03:57:02 UTC] PHP Deprecated:  Hook woocommerce_rest_api_option_permissions is deprecated since version 6.3.0 with no alternative available. in C:\Users\HP\Local Sites\rainbow-themes\app\public\wp-includes\functions.php on line 6078
[02-Jul-2024 03:57:02 UTC] PHP Deprecated:  Hook woocommerce_rest_api_option_permissions is deprecated since version 6.3.0 with no alternative available. in C:\Users\HP\Local Sites\rainbow-themes\app\public\wp-includes\functions.php on line 6078
[02-Jul-2024 03:57:02 UTC] PHP Deprecated:  Hook woocommerce_rest_api_option_permissions is deprecated since version 6.3.0 with no alternative available. in C:\Users\HP\Local Sites\rainbow-themes\app\public\wp-includes\functions.php on line 6078
[02-Jul-2024 03:57:02 UTC] PHP Deprecated:  Hook woocommerce_rest_api_option_permissions is deprecated since version 6.3.0 with no alternative available. in C:\Users\HP\Local Sites\rainbow-themes\app\public\wp-includes\functions.php on line 6078
[02-Jul-2024 03:57:02 UTC] PHP Deprecated:  Hook woocommerce_rest_api_option_permissions is deprecated since version 6.3.0 with no alternative available. in C:\Users\HP\Local Sites\rainbow-themes\app\public\wp-includes\functions.php on line 6078
[02-Jul-2024 03:57:02 UTC] PHP Deprecated:  Hook woocommerce_rest_api_option_permissions is deprecated since version 6.3.0 with no alternative available. in C:\Users\HP\Local Sites\rainbow-themes\app\public\wp-includes\functions.php on line 6078
[02-Jul-2024 03:57:02 UTC] PHP Deprecated:  Hook woocommerce_rest_api_option_permissions is deprecated since version 6.3.0 with no alternative available. in C:\Users\HP\Local Sites\rainbow-themes\app\public\wp-includes\functions.php on line 6078
[02-Jul-2024 03:57:02 UTC] PHP Deprecated:  Hook woocommerce_rest_api_option_permissions is deprecated since version 6.3.0 with no alternative available. in C:\Users\HP\Local Sites\rainbow-themes\app\public\wp-includes\functions.php on line 6078
[02-Jul-2024 03:57:02 UTC] PHP Deprecated:  Hook woocommerce_rest_api_option_permissions is deprecated since version 6.3.0 with no alternative available. in C:\Users\HP\Local Sites\rainbow-themes\app\public\wp-includes\functions.php on line 6078
[02-Jul-2024 03:57:02 UTC] PHP Deprecated:  Hook woocommerce_rest_api_option_permissions is deprecated since version 6.3.0 with no alternative available. in C:\Users\HP\Local Sites\rainbow-themes\app\public\wp-includes\functions.php on line 6078
[02-Jul-2024 03:57:02 UTC] PHP Deprecated:  Hook woocommerce_rest_api_option_permissions is deprecated since version 6.3.0 with no alternative available. in C:\Users\HP\Local Sites\rainbow-themes\app\public\wp-includes\functions.php on line 6078
[02-Jul-2024 03:57:03 UTC] PHP Deprecated:  Hook woocommerce_rest_api_option_permissions is deprecated since version 6.3.0 with no alternative available. in C:\Users\HP\Local Sites\rainbow-themes\app\public\wp-includes\functions.php on line 6078
[02-Jul-2024 03:57:03 UTC] PHP Deprecated:  Hook woocommerce_rest_api_option_permissions is deprecated since version 6.3.0 with no alternative available. in C:\Users\HP\Local Sites\rainbow-themes\app\public\wp-includes\functions.php on line 6078
[02-Jul-2024 03:57:13 UTC] PHP Deprecated:  strpos(): Passing null to parameter #1 ($haystack) of type string is deprecated in C:\Users\HP\Local Sites\rainbow-themes\app\public\wp-content\plugins\woocommerce\src\Internal\Admin\Orders\PageController.php on line 146
[02-Jul-2024 03:57:17 UTC] PHP Deprecated:  Hook woocommerce_rest_api_option_permissions is deprecated since version 6.3.0 with no alternative available. in C:\Users\HP\Local Sites\rainbow-themes\app\public\wp-includes\functions.php on line 6078
[02-Jul-2024 03:57:17 UTC] PHP Deprecated:  Hook woocommerce_rest_api_option_permissions is deprecated since version 6.3.0 with no alternative available. in C:\Users\HP\Local Sites\rainbow-themes\app\public\wp-includes\functions.php on line 6078
[02-Jul-2024 03:57:18 UTC] PHP Deprecated:  Hook woocommerce_rest_api_option_permissions is deprecated since version 6.3.0 with no alternative available. in C:\Users\HP\Local Sites\rainbow-themes\app\public\wp-includes\functions.php on line 6078
[02-Jul-2024 03:57:18 UTC] PHP Deprecated:  Hook woocommerce_rest_api_option_permissions is deprecated since version 6.3.0 with no alternative available. in C:\Users\HP\Local Sites\rainbow-themes\app\public\wp-includes\functions.php on line 6078
[02-Jul-2024 03:57:19 UTC] PHP Deprecated:  Hook woocommerce_rest_api_option_permissions is deprecated since version 6.3.0 with no alternative available. in C:\Users\HP\Local Sites\rainbow-themes\app\public\wp-includes\functions.php on line 6078
[02-Jul-2024 03:57:19 UTC] PHP Deprecated:  Hook woocommerce_rest_api_option_permissions is deprecated since version 6.3.0 with no alternative available. in C:\Users\HP\Local Sites\rainbow-themes\app\public\wp-includes\functions.php on line 6078
[02-Jul-2024 03:57:19 UTC] PHP Deprecated:  Hook woocommerce_rest_api_option_permissions is deprecated since version 6.3.0 with no alternative available. in C:\Users\HP\Local Sites\rainbow-themes\app\public\wp-includes\functions.php on line 6078
[02-Jul-2024 03:57:19 UTC] PHP Deprecated:  Hook woocommerce_rest_api_option_permissions is deprecated since version 6.3.0 with no alternative available. in C:\Users\HP\Local Sites\rainbow-themes\app\public\wp-includes\functions.php on line 6078
[02-Jul-2024 03:57:19 UTC] PHP Deprecated:  Hook woocommerce_rest_api_option_permissions is deprecated since version 6.3.0 with no alternative available. in C:\Users\HP\Local Sites\rainbow-themes\app\public\wp-includes\functions.php on line 6078
[02-Jul-2024 03:57:19 UTC] PHP Deprecated:  Hook woocommerce_rest_api_option_permissions is deprecated since version 6.3.0 with no alternative available. in C:\Users\HP\Local Sites\rainbow-themes\app\public\wp-includes\functions.php on line 6078
[02-Jul-2024 03:57:19 UTC] PHP Deprecated:  Hook woocommerce_rest_api_option_permissions is deprecated since version 6.3.0 with no alternative available. in C:\Users\HP\Local Sites\rainbow-themes\app\public\wp-includes\functions.php on line 6078
[02-Jul-2024 03:57:19 UTC] PHP Deprecated:  Hook woocommerce_rest_api_option_permissions is deprecated since version 6.3.0 with no alternative available. in C:\Users\HP\Local Sites\rainbow-themes\app\public\wp-includes\functions.php on line 6078
[02-Jul-2024 03:57:19 UTC] PHP Deprecated:  Hook woocommerce_rest_api_option_permissions is deprecated since version 6.3.0 with no alternative available. in C:\Users\HP\Local Sites\rainbow-themes\app\public\wp-includes\functions.php on line 6078
[02-Jul-2024 03:57:19 UTC] PHP Deprecated:  Hook woocommerce_rest_api_option_permissions is deprecated since version 6.3.0 with no alternative available. in C:\Users\HP\Local Sites\rainbow-themes\app\public\wp-includes\functions.php on line 6078
[02-Jul-2024 03:57:19 UTC] PHP Deprecated:  Hook woocommerce_rest_api_option_permissions is deprecated since version 6.3.0 with no alternative available. in C:\Users\HP\Local Sites\rainbow-themes\app\public\wp-includes\functions.php on line 6078
[02-Jul-2024 03:57:19 UTC] PHP Deprecated:  Hook woocommerce_rest_api_option_permissions is deprecated since version 6.3.0 with no alternative available. in C:\Users\HP\Local Sites\rainbow-themes\app\public\wp-includes\functions.php on line 6078
[02-Jul-2024 03:57:19 UTC] PHP Deprecated:  Hook woocommerce_rest_api_option_permissions is deprecated since version 6.3.0 with no alternative available. in C:\Users\HP\Local Sites\rainbow-themes\app\public\wp-includes\functions.php on line 6078
[02-Jul-2024 03:57:19 UTC] PHP Deprecated:  Hook woocommerce_rest_api_option_permissions is deprecated since version 6.3.0 with no alternative available. in C:\Users\HP\Local Sites\rainbow-themes\app\public\wp-includes\functions.php on line 6078
[02-Jul-2024 03:57:25 UTC] PHP Deprecated:  Hook woocommerce_rest_api_option_permissions is deprecated since version 6.3.0 with no alternative available. in C:\Users\HP\Local Sites\rainbow-themes\app\public\wp-includes\functions.php on line 6078
[02-Jul-2024 03:57:25 UTC] PHP Deprecated:  Hook woocommerce_rest_api_option_permissions is deprecated since version 6.3.0 with no alternative available. in C:\Users\HP\Local Sites\rainbow-themes\app\public\wp-includes\functions.php on line 6078
[02-Jul-2024 03:57:25 UTC] PHP Deprecated:  Hook woocommerce_rest_api_option_permissions is deprecated since version 6.3.0 with no alternative available. in C:\Users\HP\Local Sites\rainbow-themes\app\public\wp-includes\functions.php on line 6078
[02-Jul-2024 03:57:25 UTC] PHP Deprecated:  Hook woocommerce_rest_api_option_permissions is deprecated since version 6.3.0 with no alternative available. in C:\Users\HP\Local Sites\rainbow-themes\app\public\wp-includes\functions.php on line 6078
[02-Jul-2024 03:57:25 UTC] PHP Deprecated:  Hook woocommerce_rest_api_option_permissions is deprecated since version 6.3.0 with no alternative available. in C:\Users\HP\Local Sites\rainbow-themes\app\public\wp-includes\functions.php on line 6078
[02-Jul-2024 03:57:25 UTC] PHP Deprecated:  Hook woocommerce_rest_api_option_permissions is deprecated since version 6.3.0 with no alternative available. in C:\Users\HP\Local Sites\rainbow-themes\app\public\wp-includes\functions.php on line 6078
[02-Jul-2024 03:57:25 UTC] PHP Deprecated:  Hook woocommerce_rest_api_option_permissions is deprecated since version 6.3.0 with no alternative available. in C:\Users\HP\Local Sites\rainbow-themes\app\public\wp-includes\functions.php on line 6078
[02-Jul-2024 03:57:25 UTC] PHP Deprecated:  Hook woocommerce_rest_api_option_permissions is deprecated since version 6.3.0 with no alternative available. in C:\Users\HP\Local Sites\rainbow-themes\app\public\wp-includes\functions.php on line 6078
[02-Jul-2024 03:57:25 UTC] PHP Deprecated:  Hook woocommerce_rest_api_option_permissions is deprecated since version 6.3.0 with no alternative available. in C:\Users\HP\Local Sites\rainbow-themes\app\public\wp-includes\functions.php on line 6078
[02-Jul-2024 03:57:25 UTC] PHP Deprecated:  Hook woocommerce_rest_api_option_permissions is deprecated since version 6.3.0 with no alternative available. in C:\Users\HP\Local Sites\rainbow-themes\app\public\wp-includes\functions.php on line 6078
[02-Jul-2024 03:57:25 UTC] PHP Deprecated:  Hook woocommerce_rest_api_option_permissions is deprecated since version 6.3.0 with no alternative available. in C:\Users\HP\Local Sites\rainbow-themes\app\public\wp-includes\functions.php on line 6078
[02-Jul-2024 03:57:25 UTC] PHP Deprecated:  Hook woocommerce_rest_api_option_permissions is deprecated since version 6.3.0 with no alternative available. in C:\Users\HP\Local Sites\rainbow-themes\app\public\wp-includes\functions.php on line 6078
[02-Jul-2024 03:57:25 UTC] PHP Deprecated:  Hook woocommerce_rest_api_option_permissions is deprecated since version 6.3.0 with no alternative available. in C:\Users\HP\Local Sites\rainbow-themes\app\public\wp-includes\functions.php on line 6078
[02-Jul-2024 03:57:25 UTC] PHP Deprecated:  Hook woocommerce_rest_api_option_permissions is deprecated since version 6.3.0 with no alternative available. in C:\Users\HP\Local Sites\rainbow-themes\app\public\wp-includes\functions.php on line 6078
[02-Jul-2024 03:57:25 UTC] PHP Deprecated:  Hook woocommerce_rest_api_option_permissions is deprecated since version 6.3.0 with no alternative available. in C:\Users\HP\Local Sites\rainbow-themes\app\public\wp-includes\functions.php on line 6078
[02-Jul-2024 03:57:25 UTC] PHP Deprecated:  Hook woocommerce_rest_api_option_permissions is deprecated since version 6.3.0 with no alternative available. in C:\Users\HP\Local Sites\rainbow-themes\app\public\wp-includes\functions.php on line 6078
[02-Jul-2024 03:57:26 UTC] PHP Deprecated:  Hook woocommerce_rest_api_option_permissions is deprecated since version 6.3.0 with no alternative available. in C:\Users\HP\Local Sites\rainbow-themes\app\public\wp-includes\functions.php on line 6078
[02-Jul-2024 03:57:26 UTC] PHP Deprecated:  Hook woocommerce_rest_api_option_permissions is deprecated since version 6.3.0 with no alternative available. in C:\Users\HP\Local Sites\rainbow-themes\app\public\wp-includes\functions.php on line 6078
[02-Jul-2024 03:57:29 UTC] PHP Deprecated:  Hook woocommerce_rest_api_option_permissions is deprecated since version 6.3.0 with no alternative available. in C:\Users\HP\Local Sites\rainbow-themes\app\public\wp-includes\functions.php on line 6078
[02-Jul-2024 03:57:29 UTC] PHP Deprecated:  Hook woocommerce_rest_api_option_permissions is deprecated since version 6.3.0 with no alternative available. in C:\Users\HP\Local Sites\rainbow-themes\app\public\wp-includes\functions.php on line 6078
[02-Jul-2024 03:57:29 UTC] PHP Deprecated:  Hook woocommerce_rest_api_option_permissions is deprecated since version 6.3.0 with no alternative available. in C:\Users\HP\Local Sites\rainbow-themes\app\public\wp-includes\functions.php on line 6078
[02-Jul-2024 03:57:29 UTC] PHP Deprecated:  Hook woocommerce_rest_api_option_permissions is deprecated since version 6.3.0 with no alternative available. in C:\Users\HP\Local Sites\rainbow-themes\app\public\wp-includes\functions.php on line 6078
[02-Jul-2024 03:57:30 UTC] PHP Deprecated:  Hook woocommerce_rest_api_option_permissions is deprecated since version 6.3.0 with no alternative available. in C:\Users\HP\Local Sites\rainbow-themes\app\public\wp-includes\functions.php on line 6078
[02-Jul-2024 03:57:30 UTC] PHP Deprecated:  Hook woocommerce_rest_api_option_permissions is deprecated since version 6.3.0 with no alternative available. in C:\Users\HP\Local Sites\rainbow-themes\app\public\wp-includes\functions.php on line 6078
[02-Jul-2024 03:57:30 UTC] PHP Deprecated:  Hook woocommerce_rest_api_option_permissions is deprecated since version 6.3.0 with no alternative available. in C:\Users\HP\Local Sites\rainbow-themes\app\public\wp-includes\functions.php on line 6078
[02-Jul-2024 03:57:30 UTC] PHP Deprecated:  Hook woocommerce_rest_api_option_permissions is deprecated since version 6.3.0 with no alternative available. in C:\Users\HP\Local Sites\rainbow-themes\app\public\wp-includes\functions.php on line 6078
[02-Jul-2024 03:57:30 UTC] PHP Deprecated:  Hook woocommerce_rest_api_option_permissions is deprecated since version 6.3.0 with no alternative available. in C:\Users\HP\Local Sites\rainbow-themes\app\public\wp-includes\functions.php on line 6078
[02-Jul-2024 03:57:30 UTC] PHP Deprecated:  Hook woocommerce_rest_api_option_permissions is deprecated since version 6.3.0 with no alternative available. in C:\Users\HP\Local Sites\rainbow-themes\app\public\wp-includes\functions.php on line 6078
[02-Jul-2024 03:57:30 UTC] PHP Deprecated:  Hook woocommerce_rest_api_option_permissions is deprecated since version 6.3.0 with no alternative available. in C:\Users\HP\Local Sites\rainbow-themes\app\public\wp-includes\functions.php on line 6078
[02-Jul-2024 03:57:30 UTC] PHP Deprecated:  Hook woocommerce_rest_api_option_permissions is deprecated since version 6.3.0 with no alternative available. in C:\Users\HP\Local Sites\rainbow-themes\app\public\wp-includes\functions.php on line 6078
[02-Jul-2024 03:57:30 UTC] PHP Deprecated:  Hook woocommerce_rest_api_option_permissions is deprecated since version 6.3.0 with no alternative available. in C:\Users\HP\Local Sites\rainbow-themes\app\public\wp-includes\functions.php on line 6078
[02-Jul-2024 03:57:30 UTC] PHP Deprecated:  Hook woocommerce_rest_api_option_permissions is deprecated since version 6.3.0 with no alternative available. in C:\Users\HP\Local Sites\rainbow-themes\app\public\wp-includes\functions.php on line 6078
[02-Jul-2024 03:57:30 UTC] PHP Deprecated:  Hook woocommerce_rest_api_option_permissions is deprecated since version 6.3.0 with no alternative available. in C:\Users\HP\Local Sites\rainbow-themes\app\public\wp-includes\functions.php on line 6078
[02-Jul-2024 03:57:30 UTC] PHP Deprecated:  Hook woocommerce_rest_api_option_permissions is deprecated since version 6.3.0 with no alternative available. in C:\Users\HP\Local Sites\rainbow-themes\app\public\wp-includes\functions.php on line 6078
[02-Jul-2024 03:57:30 UTC] PHP Deprecated:  Hook woocommerce_rest_api_option_permissions is deprecated since version 6.3.0 with no alternative available. in C:\Users\HP\Local Sites\rainbow-themes\app\public\wp-includes\functions.php on line 6078
[02-Jul-2024 03:57:30 UTC] PHP Deprecated:  Hook woocommerce_rest_api_option_permissions is deprecated since version 6.3.0 with no alternative available. in C:\Users\HP\Local Sites\rainbow-themes\app\public\wp-includes\functions.php on line 6078
[02-Jul-2024 03:57:30 UTC] PHP Deprecated:  Hook woocommerce_rest_api_option_permissions is deprecated since version 6.3.0 with no alternative available. in C:\Users\HP\Local Sites\rainbow-themes\app\public\wp-includes\functions.php on line 6078
[02-Jul-2024 03:57:30 UTC] PHP Deprecated:  Hook woocommerce_rest_api_option_permissions is deprecated since version 6.3.0 with no alternative available. in C:\Users\HP\Local Sites\rainbow-themes\app\public\wp-includes\functions.php on line 6078
[02-Jul-2024 03:57:40 UTC] PHP Deprecated:  strpos(): Passing null to parameter #1 ($haystack) of type string is deprecated in C:\Users\HP\Local Sites\rainbow-themes\app\public\wp-content\plugins\woocommerce\src\Internal\Admin\Orders\PageController.php on line 146
[02-Jul-2024 03:57:42 UTC] PHP Deprecated:  Hook woocommerce_rest_api_option_permissions is deprecated since version 6.3.0 with no alternative available. in C:\Users\HP\Local Sites\rainbow-themes\app\public\wp-includes\functions.php on line 6078
[02-Jul-2024 03:57:42 UTC] PHP Deprecated:  Hook woocommerce_rest_api_option_permissions is deprecated since version 6.3.0 with no alternative available. in C:\Users\HP\Local Sites\rainbow-themes\app\public\wp-includes\functions.php on line 6078
[02-Jul-2024 03:57:43 UTC] PHP Deprecated:  Hook woocommerce_rest_api_option_permissions is deprecated since version 6.3.0 with no alternative available. in C:\Users\HP\Local Sites\rainbow-themes\app\public\wp-includes\functions.php on line 6078
[02-Jul-2024 03:57:43 UTC] PHP Deprecated:  Hook woocommerce_rest_api_option_permissions is deprecated since version 6.3.0 with no alternative available. in C:\Users\HP\Local Sites\rainbow-themes\app\public\wp-includes\functions.php on line 6078
[02-Jul-2024 03:57:43 UTC] PHP Deprecated:  Hook woocommerce_rest_api_option_permissions is deprecated since version 6.3.0 with no alternative available. in C:\Users\HP\Local Sites\rainbow-themes\app\public\wp-includes\functions.php on line 6078
[02-Jul-2024 03:57:43 UTC] PHP Deprecated:  Hook woocommerce_rest_api_option_permissions is deprecated since version 6.3.0 with no alternative available. in C:\Users\HP\Local Sites\rainbow-themes\app\public\wp-includes\functions.php on line 6078
[02-Jul-2024 03:57:43 UTC] PHP Deprecated:  Hook woocommerce_rest_api_option_permissions is deprecated since version 6.3.0 with no alternative available. in C:\Users\HP\Local Sites\rainbow-themes\app\public\wp-includes\functions.php on line 6078
[02-Jul-2024 03:57:43 UTC] PHP Deprecated:  Hook woocommerce_rest_api_option_permissions is deprecated since version 6.3.0 with no alternative available. in C:\Users\HP\Local Sites\rainbow-themes\app\public\wp-includes\functions.php on line 6078
[02-Jul-2024 03:57:43 UTC] PHP Deprecated:  Hook woocommerce_rest_api_option_permissions is deprecated since version 6.3.0 with no alternative available. in C:\Users\HP\Local Sites\rainbow-themes\app\public\wp-includes\functions.php on line 6078
[02-Jul-2024 03:57:43 UTC] PHP Deprecated:  Hook woocommerce_rest_api_option_permissions is deprecated since version 6.3.0 with no alternative available. in C:\Users\HP\Local Sites\rainbow-themes\app\public\wp-includes\functions.php on line 6078
[02-Jul-2024 03:57:43 UTC] PHP Deprecated:  Hook woocommerce_rest_api_option_permissions is deprecated since version 6.3.0 with no alternative available. in C:\Users\HP\Local Sites\rainbow-themes\app\public\wp-includes\functions.php on line 6078
[02-Jul-2024 03:57:43 UTC] PHP Deprecated:  Hook woocommerce_rest_api_option_permissions is deprecated since version 6.3.0 with no alternative available. in C:\Users\HP\Local Sites\rainbow-themes\app\public\wp-includes\functions.php on line 6078
[02-Jul-2024 03:57:43 UTC] PHP Deprecated:  Hook woocommerce_rest_api_option_permissions is deprecated since version 6.3.0 with no alternative available. in C:\Users\HP\Local Sites\rainbow-themes\app\public\wp-includes\functions.php on line 6078
[02-Jul-2024 03:57:43 UTC] PHP Deprecated:  Hook woocommerce_rest_api_option_permissions is deprecated since version 6.3.0 with no alternative available. in C:\Users\HP\Local Sites\rainbow-themes\app\public\wp-includes\functions.php on line 6078
[02-Jul-2024 03:57:43 UTC] PHP Deprecated:  Hook woocommerce_rest_api_option_permissions is deprecated since version 6.3.0 with no alternative available. in C:\Users\HP\Local Sites\rainbow-themes\app\public\wp-includes\functions.php on line 6078
[02-Jul-2024 03:57:43 UTC] PHP Deprecated:  Hook woocommerce_rest_api_option_permissions is deprecated since version 6.3.0 with no alternative available. in C:\Users\HP\Local Sites\rainbow-themes\app\public\wp-includes\functions.php on line 6078
[02-Jul-2024 03:57:43 UTC] PHP Deprecated:  Hook woocommerce_rest_api_option_permissions is deprecated since version 6.3.0 with no alternative available. in C:\Users\HP\Local Sites\rainbow-themes\app\public\wp-includes\functions.php on line 6078
[02-Jul-2024 03:57:43 UTC] PHP Deprecated:  Hook woocommerce_rest_api_option_permissions is deprecated since version 6.3.0 with no alternative available. in C:\Users\HP\Local Sites\rainbow-themes\app\public\wp-includes\functions.php on line 6078
[02-Jul-2024 03:57:52 UTC] PHP Deprecated:  Hook woocommerce_rest_api_option_permissions is deprecated since version 6.3.0 with no alternative available. in C:\Users\HP\Local Sites\rainbow-themes\app\public\wp-includes\functions.php on line 6078
[02-Jul-2024 03:57:52 UTC] PHP Deprecated:  Hook woocommerce_rest_api_option_permissions is deprecated since version 6.3.0 with no alternative available. in C:\Users\HP\Local Sites\rainbow-themes\app\public\wp-includes\functions.php on line 6078
[02-Jul-2024 03:57:52 UTC] PHP Deprecated:  Hook woocommerce_rest_api_option_permissions is deprecated since version 6.3.0 with no alternative available. in C:\Users\HP\Local Sites\rainbow-themes\app\public\wp-includes\functions.php on line 6078
[02-Jul-2024 03:57:52 UTC] PHP Deprecated:  Hook woocommerce_rest_api_option_permissions is deprecated since version 6.3.0 with no alternative available. in C:\Users\HP\Local Sites\rainbow-themes\app\public\wp-includes\functions.php on line 6078
[02-Jul-2024 03:57:52 UTC] PHP Deprecated:  Hook woocommerce_rest_api_option_permissions is deprecated since version 6.3.0 with no alternative available. in C:\Users\HP\Local Sites\rainbow-themes\app\public\wp-includes\functions.php on line 6078
[02-Jul-2024 03:57:52 UTC] PHP Deprecated:  Hook woocommerce_rest_api_option_permissions is deprecated since version 6.3.0 with no alternative available. in C:\Users\HP\Local Sites\rainbow-themes\app\public\wp-includes\functions.php on line 6078
[02-Jul-2024 03:57:52 UTC] PHP Deprecated:  Hook woocommerce_rest_api_option_permissions is deprecated since version 6.3.0 with no alternative available. in C:\Users\HP\Local Sites\rainbow-themes\app\public\wp-includes\functions.php on line 6078
[02-Jul-2024 03:57:52 UTC] PHP Deprecated:  Hook woocommerce_rest_api_option_permissions is deprecated since version 6.3.0 with no alternative available. in C:\Users\HP\Local Sites\rainbow-themes\app\public\wp-includes\functions.php on line 6078
[02-Jul-2024 03:57:52 UTC] PHP Deprecated:  Hook woocommerce_rest_api_option_permissions is deprecated since version 6.3.0 with no alternative available. in C:\Users\HP\Local Sites\rainbow-themes\app\public\wp-includes\functions.php on line 6078
[02-Jul-2024 03:57:52 UTC] PHP Deprecated:  Hook woocommerce_rest_api_option_permissions is deprecated since version 6.3.0 with no alternative available. in C:\Users\HP\Local Sites\rainbow-themes\app\public\wp-includes\functions.php on line 6078
[02-Jul-2024 03:57:52 UTC] PHP Deprecated:  Hook woocommerce_rest_api_option_permissions is deprecated since version 6.3.0 with no alternative available. in C:\Users\HP\Local Sites\rainbow-themes\app\public\wp-includes\functions.php on line 6078
[02-Jul-2024 03:57:52 UTC] PHP Deprecated:  Hook woocommerce_rest_api_option_permissions is deprecated since version 6.3.0 with no alternative available. in C:\Users\HP\Local Sites\rainbow-themes\app\public\wp-includes\functions.php on line 6078
[02-Jul-2024 03:57:52 UTC] PHP Deprecated:  Hook woocommerce_rest_api_option_permissions is deprecated since version 6.3.0 with no alternative available. in C:\Users\HP\Local Sites\rainbow-themes\app\public\wp-includes\functions.php on line 6078
[02-Jul-2024 03:57:52 UTC] PHP Deprecated:  Hook woocommerce_rest_api_option_permissions is deprecated since version 6.3.0 with no alternative available. in C:\Users\HP\Local Sites\rainbow-themes\app\public\wp-includes\functions.php on line 6078
[02-Jul-2024 03:57:52 UTC] PHP Deprecated:  Hook woocommerce_rest_api_option_permissions is deprecated since version 6.3.0 with no alternative available. in C:\Users\HP\Local Sites\rainbow-themes\app\public\wp-includes\functions.php on line 6078
[02-Jul-2024 03:57:52 UTC] PHP Deprecated:  Hook woocommerce_rest_api_option_permissions is deprecated since version 6.3.0 with no alternative available. in C:\Users\HP\Local Sites\rainbow-themes\app\public\wp-includes\functions.php on line 6078
[02-Jul-2024 03:57:52 UTC] PHP Deprecated:  Hook woocommerce_rest_api_option_permissions is deprecated since version 6.3.0 with no alternative available. in C:\Users\HP\Local Sites\rainbow-themes\app\public\wp-includes\functions.php on line 6078
[02-Jul-2024 03:57:52 UTC] PHP Deprecated:  Hook woocommerce_rest_api_option_permissions is deprecated since version 6.3.0 with no alternative available. in C:\Users\HP\Local Sites\rainbow-themes\app\public\wp-includes\functions.php on line 6078
[02-Jul-2024 04:20:12 UTC] PHP Deprecated:  Hook woocommerce_rest_api_option_permissions is deprecated since version 6.3.0 with no alternative available. in C:\Users\HP\Local Sites\rainbow-themes\app\public\wp-includes\functions.php on line 6078
[02-Jul-2024 04:20:12 UTC] PHP Deprecated:  Hook woocommerce_rest_api_option_permissions is deprecated since version 6.3.0 with no alternative available. in C:\Users\HP\Local Sites\rainbow-themes\app\public\wp-includes\functions.php on line 6078
[02-Jul-2024 04:20:13 UTC] PHP Deprecated:  Hook woocommerce_rest_api_option_permissions is deprecated since version 6.3.0 with no alternative available. in C:\Users\HP\Local Sites\rainbow-themes\app\public\wp-includes\functions.php on line 6078
[02-Jul-2024 04:20:13 UTC] PHP Deprecated:  Hook woocommerce_rest_api_option_permissions is deprecated since version 6.3.0 with no alternative available. in C:\Users\HP\Local Sites\rainbow-themes\app\public\wp-includes\functions.php on line 6078
[02-Jul-2024 04:20:13 UTC] PHP Deprecated:  Hook woocommerce_rest_api_option_permissions is deprecated since version 6.3.0 with no alternative available. in C:\Users\HP\Local Sites\rainbow-themes\app\public\wp-includes\functions.php on line 6078
[02-Jul-2024 04:20:13 UTC] PHP Deprecated:  Hook woocommerce_rest_api_option_permissions is deprecated since version 6.3.0 with no alternative available. in C:\Users\HP\Local Sites\rainbow-themes\app\public\wp-includes\functions.php on line 6078
[02-Jul-2024 04:20:13 UTC] PHP Deprecated:  Hook woocommerce_rest_api_option_permissions is deprecated since version 6.3.0 with no alternative available. in C:\Users\HP\Local Sites\rainbow-themes\app\public\wp-includes\functions.php on line 6078
[02-Jul-2024 04:20:13 UTC] PHP Deprecated:  Hook woocommerce_rest_api_option_permissions is deprecated since version 6.3.0 with no alternative available. in C:\Users\HP\Local Sites\rainbow-themes\app\public\wp-includes\functions.php on line 6078
[02-Jul-2024 04:20:13 UTC] PHP Deprecated:  Hook woocommerce_rest_api_option_permissions is deprecated since version 6.3.0 with no alternative available. in C:\Users\HP\Local Sites\rainbow-themes\app\public\wp-includes\functions.php on line 6078
[02-Jul-2024 04:20:13 UTC] PHP Deprecated:  Hook woocommerce_rest_api_option_permissions is deprecated since version 6.3.0 with no alternative available. in C:\Users\HP\Local Sites\rainbow-themes\app\public\wp-includes\functions.php on line 6078
[02-Jul-2024 04:20:13 UTC] PHP Deprecated:  Hook woocommerce_rest_api_option_permissions is deprecated since version 6.3.0 with no alternative available. in C:\Users\HP\Local Sites\rainbow-themes\app\public\wp-includes\functions.php on line 6078
[02-Jul-2024 04:20:13 UTC] PHP Deprecated:  Hook woocommerce_rest_api_option_permissions is deprecated since version 6.3.0 with no alternative available. in C:\Users\HP\Local Sites\rainbow-themes\app\public\wp-includes\functions.php on line 6078
[02-Jul-2024 04:20:13 UTC] PHP Deprecated:  Hook woocommerce_rest_api_option_permissions is deprecated since version 6.3.0 with no alternative available. in C:\Users\HP\Local Sites\rainbow-themes\app\public\wp-includes\functions.php on line 6078
[02-Jul-2024 04:20:13 UTC] PHP Deprecated:  Hook woocommerce_rest_api_option_permissions is deprecated since version 6.3.0 with no alternative available. in C:\Users\HP\Local Sites\rainbow-themes\app\public\wp-includes\functions.php on line 6078
[02-Jul-2024 04:20:13 UTC] PHP Deprecated:  Hook woocommerce_rest_api_option_permissions is deprecated since version 6.3.0 with no alternative available. in C:\Users\HP\Local Sites\rainbow-themes\app\public\wp-includes\functions.php on line 6078
[02-Jul-2024 04:20:13 UTC] PHP Deprecated:  Hook woocommerce_rest_api_option_permissions is deprecated since version 6.3.0 with no alternative available. in C:\Users\HP\Local Sites\rainbow-themes\app\public\wp-includes\functions.php on line 6078
[02-Jul-2024 04:20:14 UTC] PHP Deprecated:  Hook woocommerce_rest_api_option_permissions is deprecated since version 6.3.0 with no alternative available. in C:\Users\HP\Local Sites\rainbow-themes\app\public\wp-includes\functions.php on line 6078
[02-Jul-2024 04:20:14 UTC] PHP Deprecated:  Hook woocommerce_rest_api_option_permissions is deprecated since version 6.3.0 with no alternative available. in C:\Users\HP\Local Sites\rainbow-themes\app\public\wp-includes\functions.php on line 6078
[02-Jul-2024 04:36:22 UTC] PHP Fatal error:  Uncaught TypeError: call_user_func_array(): Argument #1 ($callback) must be a valid callback, function "rainbowit_get_cart_count" not found or invalid function name in C:\Users\HP\Local Sites\rainbow-themes\app\public\wp-includes\class-wp-hook.php:324
Stack trace:
#0 C:\Users\HP\Local Sites\rainbow-themes\app\public\wp-includes\class-wp-hook.php(348): WP_Hook->apply_filters('', Array)
#1 C:\Users\HP\Local Sites\rainbow-themes\app\public\wp-includes\plugin.php(517): WP_Hook->do_action(Array)
#2 C:\Users\HP\Local Sites\rainbow-themes\app\public\wp-admin\admin-ajax.php(192): do_action('wp_ajax_get_car...')
#3 {main}
  thrown in C:\Users\HP\Local Sites\rainbow-themes\app\public\wp-includes\class-wp-hook.php on line 324
[02-Jul-2024 04:36:27 UTC] PHP Fatal error:  Uncaught TypeError: call_user_func_array(): Argument #1 ($callback) must be a valid callback, function "rainbowit_get_cart_count" not found or invalid function name in C:\Users\HP\Local Sites\rainbow-themes\app\public\wp-includes\class-wp-hook.php:324
Stack trace:
#0 C:\Users\HP\Local Sites\rainbow-themes\app\public\wp-includes\class-wp-hook.php(348): WP_Hook->apply_filters('', Array)
#1 C:\Users\HP\Local Sites\rainbow-themes\app\public\wp-includes\plugin.php(517): WP_Hook->do_action(Array)
#2 C:\Users\HP\Local Sites\rainbow-themes\app\public\wp-admin\admin-ajax.php(192): do_action('wp_ajax_get_car...')
#3 {main}
  thrown in C:\Users\HP\Local Sites\rainbow-themes\app\public\wp-includes\class-wp-hook.php on line 324
[02-Jul-2024 04:36:31 UTC] PHP Fatal error:  Uncaught TypeError: call_user_func_array(): Argument #1 ($callback) must be a valid callback, function "rainbowit_get_cart_count" not found or invalid function name in C:\Users\HP\Local Sites\rainbow-themes\app\public\wp-includes\class-wp-hook.php:324
Stack trace:
#0 C:\Users\HP\Local Sites\rainbow-themes\app\public\wp-includes\class-wp-hook.php(348): WP_Hook->apply_filters('', Array)
#1 C:\Users\HP\Local Sites\rainbow-themes\app\public\wp-includes\plugin.php(517): WP_Hook->do_action(Array)
#2 C:\Users\HP\Local Sites\rainbow-themes\app\public\wp-admin\admin-ajax.php(192): do_action('wp_ajax_get_car...')
#3 {main}
  thrown in C:\Users\HP\Local Sites\rainbow-themes\app\public\wp-includes\class-wp-hook.php on line 324
[02-Jul-2024 04:37:02 UTC] PHP Fatal error:  Uncaught TypeError: call_user_func_array(): Argument #1 ($callback) must be a valid callback, function "rainbowit_get_cart_count" not found or invalid function name in C:\Users\HP\Local Sites\rainbow-themes\app\public\wp-includes\class-wp-hook.php:324
Stack trace:
#0 C:\Users\HP\Local Sites\rainbow-themes\app\public\wp-includes\class-wp-hook.php(348): WP_Hook->apply_filters('', Array)
#1 C:\Users\HP\Local Sites\rainbow-themes\app\public\wp-includes\plugin.php(517): WP_Hook->do_action(Array)
#2 C:\Users\HP\Local Sites\rainbow-themes\app\public\wp-admin\admin-ajax.php(192): do_action('wp_ajax_get_car...')
#3 {main}
  thrown in C:\Users\HP\Local Sites\rainbow-themes\app\public\wp-includes\class-wp-hook.php on line 324
[02-Jul-2024 04:37:21 UTC] PHP Fatal error:  Uncaught TypeError: call_user_func_array(): Argument #1 ($callback) must be a valid callback, function "rainbowit_get_cart_count" not found or invalid function name in C:\Users\HP\Local Sites\rainbow-themes\app\public\wp-includes\class-wp-hook.php:324
Stack trace:
#0 C:\Users\HP\Local Sites\rainbow-themes\app\public\wp-includes\class-wp-hook.php(348): WP_Hook->apply_filters('', Array)
#1 C:\Users\HP\Local Sites\rainbow-themes\app\public\wp-includes\plugin.php(517): WP_Hook->do_action(Array)
#2 C:\Users\HP\Local Sites\rainbow-themes\app\public\wp-admin\admin-ajax.php(192): do_action('wp_ajax_get_car...')
#3 {main}
  thrown in C:\Users\HP\Local Sites\rainbow-themes\app\public\wp-includes\class-wp-hook.php on line 324
[02-Jul-2024 04:37:31 UTC] PHP Fatal error:  Uncaught TypeError: call_user_func_array(): Argument #1 ($callback) must be a valid callback, function "rainbowit_get_cart_count" not found or invalid function name in C:\Users\HP\Local Sites\rainbow-themes\app\public\wp-includes\class-wp-hook.php:324
Stack trace:
#0 C:\Users\HP\Local Sites\rainbow-themes\app\public\wp-includes\class-wp-hook.php(348): WP_Hook->apply_filters('', Array)
#1 C:\Users\HP\Local Sites\rainbow-themes\app\public\wp-includes\plugin.php(517): WP_Hook->do_action(Array)
#2 C:\Users\HP\Local Sites\rainbow-themes\app\public\wp-admin\admin-ajax.php(192): do_action('wp_ajax_get_car...')
#3 {main}
  thrown in C:\Users\HP\Local Sites\rainbow-themes\app\public\wp-includes\class-wp-hook.php on line 324
[02-Jul-2024 04:37:33 UTC] PHP Fatal error:  Uncaught TypeError: call_user_func_array(): Argument #1 ($callback) must be a valid callback, function "rainbowit_get_cart_count" not found or invalid function name in C:\Users\HP\Local Sites\rainbow-themes\app\public\wp-includes\class-wp-hook.php:324
Stack trace:
#0 C:\Users\HP\Local Sites\rainbow-themes\app\public\wp-includes\class-wp-hook.php(348): WP_Hook->apply_filters('', Array)
#1 C:\Users\HP\Local Sites\rainbow-themes\app\public\wp-includes\plugin.php(517): WP_Hook->do_action(Array)
#2 C:\Users\HP\Local Sites\rainbow-themes\app\public\wp-admin\admin-ajax.php(192): do_action('wp_ajax_get_car...')
#3 {main}
  thrown in C:\Users\HP\Local Sites\rainbow-themes\app\public\wp-includes\class-wp-hook.php on line 324
[02-Jul-2024 04:38:04 UTC] PHP Fatal error:  Uncaught TypeError: call_user_func_array(): Argument #1 ($callback) must be a valid callback, function "rainbowit_get_cart_count" not found or invalid function name in C:\Users\HP\Local Sites\rainbow-themes\app\public\wp-includes\class-wp-hook.php:324
Stack trace:
#0 C:\Users\HP\Local Sites\rainbow-themes\app\public\wp-includes\class-wp-hook.php(348): WP_Hook->apply_filters('', Array)
#1 C:\Users\HP\Local Sites\rainbow-themes\app\public\wp-includes\plugin.php(517): WP_Hook->do_action(Array)
#2 C:\Users\HP\Local Sites\rainbow-themes\app\public\wp-admin\admin-ajax.php(192): do_action('wp_ajax_get_car...')
#3 {main}
  thrown in C:\Users\HP\Local Sites\rainbow-themes\app\public\wp-includes\class-wp-hook.php on line 324
[02-Jul-2024 04:38:16 UTC] PHP Fatal error:  Uncaught TypeError: call_user_func_array(): Argument #1 ($callback) must be a valid callback, function "rainbowit_get_cart_count" not found or invalid function name in C:\Users\HP\Local Sites\rainbow-themes\app\public\wp-includes\class-wp-hook.php:324
Stack trace:
#0 C:\Users\HP\Local Sites\rainbow-themes\app\public\wp-includes\class-wp-hook.php(348): WP_Hook->apply_filters('', Array)
#1 C:\Users\HP\Local Sites\rainbow-themes\app\public\wp-includes\plugin.php(517): WP_Hook->do_action(Array)
#2 C:\Users\HP\Local Sites\rainbow-themes\app\public\wp-admin\admin-ajax.php(192): do_action('wp_ajax_get_car...')
#3 {main}
  thrown in C:\Users\HP\Local Sites\rainbow-themes\app\public\wp-includes\class-wp-hook.php on line 324
[02-Jul-2024 04:38:47 UTC] PHP Fatal error:  Uncaught TypeError: call_user_func_array(): Argument #1 ($callback) must be a valid callback, function "rainbowit_get_cart_count" not found or invalid function name in C:\Users\HP\Local Sites\rainbow-themes\app\public\wp-includes\class-wp-hook.php:324
Stack trace:
#0 C:\Users\HP\Local Sites\rainbow-themes\app\public\wp-includes\class-wp-hook.php(348): WP_Hook->apply_filters('', Array)
#1 C:\Users\HP\Local Sites\rainbow-themes\app\public\wp-includes\plugin.php(517): WP_Hook->do_action(Array)
#2 C:\Users\HP\Local Sites\rainbow-themes\app\public\wp-admin\admin-ajax.php(192): do_action('wp_ajax_get_car...')
#3 {main}
  thrown in C:\Users\HP\Local Sites\rainbow-themes\app\public\wp-includes\class-wp-hook.php on line 324
[02-Jul-2024 05:28:07 UTC] woocommerce_blocks_checkout_order_processed is deprecated since version 7.2.0! Use woocommerce_store_api_checkout_order_processed instead. This action was deprecated in WooCommerce Blocks version 7.2.0. Please use woocommerce_store_api_checkout_order_processed instead.
[02-Jul-2024 06:54:24 UTC] woocommerce_blocks_checkout_order_processed is deprecated since version 7.2.0! Use woocommerce_store_api_checkout_order_processed instead. This action was deprecated in WooCommerce Blocks version 7.2.0. Please use woocommerce_store_api_checkout_order_processed instead.
[02-Jul-2024 06:54:58 UTC] woocommerce_blocks_checkout_order_processed is deprecated since version 7.2.0! Use woocommerce_store_api_checkout_order_processed instead. This action was deprecated in WooCommerce Blocks version 7.2.0. Please use woocommerce_store_api_checkout_order_processed instead.
[02-Jul-2024 07:04:21 UTC] PHP Deprecated:  Function print_emoji_styles is deprecated since version 6.4.0! Use wp_enqueue_emoji_styles instead. in C:\Users\HP\Local Sites\rainbow-themes\app\public\wp-includes\functions.php on line 6078
[03-Jul-2024 03:34:00 UTC] PHP Deprecated:  Function print_emoji_styles is deprecated since version 6.4.0! Use wp_enqueue_emoji_styles instead. in C:\Users\HP\Local Sites\rainbow-themes\app\public\wp-includes\functions.php on line 6078
[03-Jul-2024 04:45:44 UTC] PHP Warning:  Undefined variable $part1 in C:\Users\HP\Local Sites\rainbow-themes\app\public\wp-content\themes\rainbowit\woocommerce\custom\woo-single.php on line 107
[03-Jul-2024 04:45:44 UTC] PHP Warning:  Undefined variable $part2 in C:\Users\HP\Local Sites\rainbow-themes\app\public\wp-content\themes\rainbowit\woocommerce\custom\woo-single.php on line 108
[03-Jul-2024 04:55:08 UTC] PHP Deprecated:  Hook woocommerce_rest_api_option_permissions is deprecated since version 6.3.0 with no alternative available. in C:\Users\HP\Local Sites\rainbow-themes\app\public\wp-includes\functions.php on line 6078
[03-Jul-2024 04:55:08 UTC] PHP Deprecated:  Hook woocommerce_rest_api_option_permissions is deprecated since version 6.3.0 with no alternative available. in C:\Users\HP\Local Sites\rainbow-themes\app\public\wp-includes\functions.php on line 6078
[03-Jul-2024 04:55:09 UTC] PHP Deprecated:  Hook woocommerce_rest_api_option_permissions is deprecated since version 6.3.0 with no alternative available. in C:\Users\HP\Local Sites\rainbow-themes\app\public\wp-includes\functions.php on line 6078
[03-Jul-2024 04:55:09 UTC] PHP Deprecated:  Hook woocommerce_rest_api_option_permissions is deprecated since version 6.3.0 with no alternative available. in C:\Users\HP\Local Sites\rainbow-themes\app\public\wp-includes\functions.php on line 6078
[03-Jul-2024 04:55:09 UTC] PHP Deprecated:  Hook woocommerce_rest_api_option_permissions is deprecated since version 6.3.0 with no alternative available. in C:\Users\HP\Local Sites\rainbow-themes\app\public\wp-includes\functions.php on line 6078
[03-Jul-2024 04:55:09 UTC] PHP Deprecated:  Hook woocommerce_rest_api_option_permissions is deprecated since version 6.3.0 with no alternative available. in C:\Users\HP\Local Sites\rainbow-themes\app\public\wp-includes\functions.php on line 6078
[03-Jul-2024 04:55:09 UTC] PHP Deprecated:  Hook woocommerce_rest_api_option_permissions is deprecated since version 6.3.0 with no alternative available. in C:\Users\HP\Local Sites\rainbow-themes\app\public\wp-includes\functions.php on line 6078
[03-Jul-2024 04:55:09 UTC] PHP Deprecated:  Hook woocommerce_rest_api_option_permissions is deprecated since version 6.3.0 with no alternative available. in C:\Users\HP\Local Sites\rainbow-themes\app\public\wp-includes\functions.php on line 6078
[03-Jul-2024 04:55:09 UTC] PHP Deprecated:  Hook woocommerce_rest_api_option_permissions is deprecated since version 6.3.0 with no alternative available. in C:\Users\HP\Local Sites\rainbow-themes\app\public\wp-includes\functions.php on line 6078
[03-Jul-2024 04:55:09 UTC] PHP Deprecated:  Hook woocommerce_rest_api_option_permissions is deprecated since version 6.3.0 with no alternative available. in C:\Users\HP\Local Sites\rainbow-themes\app\public\wp-includes\functions.php on line 6078
[03-Jul-2024 04:55:09 UTC] PHP Deprecated:  Hook woocommerce_rest_api_option_permissions is deprecated since version 6.3.0 with no alternative available. in C:\Users\HP\Local Sites\rainbow-themes\app\public\wp-includes\functions.php on line 6078
[03-Jul-2024 04:55:09 UTC] PHP Deprecated:  Hook woocommerce_rest_api_option_permissions is deprecated since version 6.3.0 with no alternative available. in C:\Users\HP\Local Sites\rainbow-themes\app\public\wp-includes\functions.php on line 6078
[03-Jul-2024 04:55:09 UTC] PHP Deprecated:  Hook woocommerce_rest_api_option_permissions is deprecated since version 6.3.0 with no alternative available. in C:\Users\HP\Local Sites\rainbow-themes\app\public\wp-includes\functions.php on line 6078
[03-Jul-2024 04:55:09 UTC] PHP Deprecated:  Hook woocommerce_rest_api_option_permissions is deprecated since version 6.3.0 with no alternative available. in C:\Users\HP\Local Sites\rainbow-themes\app\public\wp-includes\functions.php on line 6078
[03-Jul-2024 04:55:09 UTC] PHP Deprecated:  Hook woocommerce_rest_api_option_permissions is deprecated since version 6.3.0 with no alternative available. in C:\Users\HP\Local Sites\rainbow-themes\app\public\wp-includes\functions.php on line 6078
[03-Jul-2024 04:55:09 UTC] PHP Deprecated:  Hook woocommerce_rest_api_option_permissions is deprecated since version 6.3.0 with no alternative available. in C:\Users\HP\Local Sites\rainbow-themes\app\public\wp-includes\functions.php on line 6078
[03-Jul-2024 04:55:10 UTC] PHP Deprecated:  Hook woocommerce_rest_api_option_permissions is deprecated since version 6.3.0 with no alternative available. in C:\Users\HP\Local Sites\rainbow-themes\app\public\wp-includes\functions.php on line 6078
[03-Jul-2024 04:55:10 UTC] PHP Deprecated:  Hook woocommerce_rest_api_option_permissions is deprecated since version 6.3.0 with no alternative available. in C:\Users\HP\Local Sites\rainbow-themes\app\public\wp-includes\functions.php on line 6078
[03-Jul-2024 04:55:29 UTC] PHP Deprecated:  Hook woocommerce_rest_api_option_permissions is deprecated since version 6.3.0 with no alternative available. in C:\Users\HP\Local Sites\rainbow-themes\app\public\wp-includes\functions.php on line 6078
[03-Jul-2024 04:55:29 UTC] PHP Deprecated:  Hook woocommerce_rest_api_option_permissions is deprecated since version 6.3.0 with no alternative available. in C:\Users\HP\Local Sites\rainbow-themes\app\public\wp-includes\functions.php on line 6078
[03-Jul-2024 04:55:30 UTC] PHP Deprecated:  Hook woocommerce_rest_api_option_permissions is deprecated since version 6.3.0 with no alternative available. in C:\Users\HP\Local Sites\rainbow-themes\app\public\wp-includes\functions.php on line 6078
[03-Jul-2024 04:55:30 UTC] PHP Deprecated:  Hook woocommerce_rest_api_option_permissions is deprecated since version 6.3.0 with no alternative available. in C:\Users\HP\Local Sites\rainbow-themes\app\public\wp-includes\functions.php on line 6078
[03-Jul-2024 04:55:30 UTC] PHP Deprecated:  Hook woocommerce_rest_api_option_permissions is deprecated since version 6.3.0 with no alternative available. in C:\Users\HP\Local Sites\rainbow-themes\app\public\wp-includes\functions.php on line 6078
[03-Jul-2024 04:55:30 UTC] PHP Deprecated:  Hook woocommerce_rest_api_option_permissions is deprecated since version 6.3.0 with no alternative available. in C:\Users\HP\Local Sites\rainbow-themes\app\public\wp-includes\functions.php on line 6078
[03-Jul-2024 04:55:30 UTC] PHP Deprecated:  Hook woocommerce_rest_api_option_permissions is deprecated since version 6.3.0 with no alternative available. in C:\Users\HP\Local Sites\rainbow-themes\app\public\wp-includes\functions.php on line 6078
[03-Jul-2024 04:55:30 UTC] PHP Deprecated:  Hook woocommerce_rest_api_option_permissions is deprecated since version 6.3.0 with no alternative available. in C:\Users\HP\Local Sites\rainbow-themes\app\public\wp-includes\functions.php on line 6078
[03-Jul-2024 04:55:30 UTC] PHP Deprecated:  Hook woocommerce_rest_api_option_permissions is deprecated since version 6.3.0 with no alternative available. in C:\Users\HP\Local Sites\rainbow-themes\app\public\wp-includes\functions.php on line 6078
[03-Jul-2024 04:55:30 UTC] PHP Deprecated:  Hook woocommerce_rest_api_option_permissions is deprecated since version 6.3.0 with no alternative available. in C:\Users\HP\Local Sites\rainbow-themes\app\public\wp-includes\functions.php on line 6078
[03-Jul-2024 04:55:30 UTC] PHP Deprecated:  Hook woocommerce_rest_api_option_permissions is deprecated since version 6.3.0 with no alternative available. in C:\Users\HP\Local Sites\rainbow-themes\app\public\wp-includes\functions.php on line 6078
[03-Jul-2024 04:55:30 UTC] PHP Deprecated:  Hook woocommerce_rest_api_option_permissions is deprecated since version 6.3.0 with no alternative available. in C:\Users\HP\Local Sites\rainbow-themes\app\public\wp-includes\functions.php on line 6078
[03-Jul-2024 04:55:30 UTC] PHP Deprecated:  Hook woocommerce_rest_api_option_permissions is deprecated since version 6.3.0 with no alternative available. in C:\Users\HP\Local Sites\rainbow-themes\app\public\wp-includes\functions.php on line 6078
[03-Jul-2024 04:55:30 UTC] PHP Deprecated:  Hook woocommerce_rest_api_option_permissions is deprecated since version 6.3.0 with no alternative available. in C:\Users\HP\Local Sites\rainbow-themes\app\public\wp-includes\functions.php on line 6078
[03-Jul-2024 04:55:30 UTC] PHP Deprecated:  Hook woocommerce_rest_api_option_permissions is deprecated since version 6.3.0 with no alternative available. in C:\Users\HP\Local Sites\rainbow-themes\app\public\wp-includes\functions.php on line 6078
[03-Jul-2024 04:55:30 UTC] PHP Deprecated:  Hook woocommerce_rest_api_option_permissions is deprecated since version 6.3.0 with no alternative available. in C:\Users\HP\Local Sites\rainbow-themes\app\public\wp-includes\functions.php on line 6078
[03-Jul-2024 04:55:31 UTC] PHP Deprecated:  Hook woocommerce_rest_api_option_permissions is deprecated since version 6.3.0 with no alternative available. in C:\Users\HP\Local Sites\rainbow-themes\app\public\wp-includes\functions.php on line 6078
[03-Jul-2024 04:55:31 UTC] PHP Deprecated:  Hook woocommerce_rest_api_option_permissions is deprecated since version 6.3.0 with no alternative available. in C:\Users\HP\Local Sites\rainbow-themes\app\public\wp-includes\functions.php on line 6078
[03-Jul-2024 04:55:49 UTC] PHP Deprecated:  Hook woocommerce_rest_api_option_permissions is deprecated since version 6.3.0 with no alternative available. in C:\Users\HP\Local Sites\rainbow-themes\app\public\wp-includes\functions.php on line 6078
[03-Jul-2024 04:55:49 UTC] PHP Deprecated:  Hook woocommerce_rest_api_option_permissions is deprecated since version 6.3.0 with no alternative available. in C:\Users\HP\Local Sites\rainbow-themes\app\public\wp-includes\functions.php on line 6078
[03-Jul-2024 04:55:50 UTC] PHP Deprecated:  Hook woocommerce_rest_api_option_permissions is deprecated since version 6.3.0 with no alternative available. in C:\Users\HP\Local Sites\rainbow-themes\app\public\wp-includes\functions.php on line 6078
[03-Jul-2024 04:55:50 UTC] PHP Deprecated:  Hook woocommerce_rest_api_option_permissions is deprecated since version 6.3.0 with no alternative available. in C:\Users\HP\Local Sites\rainbow-themes\app\public\wp-includes\functions.php on line 6078
[03-Jul-2024 04:55:50 UTC] PHP Deprecated:  Hook woocommerce_rest_api_option_permissions is deprecated since version 6.3.0 with no alternative available. in C:\Users\HP\Local Sites\rainbow-themes\app\public\wp-includes\functions.php on line 6078
[03-Jul-2024 04:55:50 UTC] PHP Deprecated:  Hook woocommerce_rest_api_option_permissions is deprecated since version 6.3.0 with no alternative available. in C:\Users\HP\Local Sites\rainbow-themes\app\public\wp-includes\functions.php on line 6078
[03-Jul-2024 04:55:50 UTC] PHP Deprecated:  Hook woocommerce_rest_api_option_permissions is deprecated since version 6.3.0 with no alternative available. in C:\Users\HP\Local Sites\rainbow-themes\app\public\wp-includes\functions.php on line 6078
[03-Jul-2024 04:55:50 UTC] PHP Deprecated:  Hook woocommerce_rest_api_option_permissions is deprecated since version 6.3.0 with no alternative available. in C:\Users\HP\Local Sites\rainbow-themes\app\public\wp-includes\functions.php on line 6078
[03-Jul-2024 04:55:50 UTC] PHP Deprecated:  Hook woocommerce_rest_api_option_permissions is deprecated since version 6.3.0 with no alternative available. in C:\Users\HP\Local Sites\rainbow-themes\app\public\wp-includes\functions.php on line 6078
[03-Jul-2024 04:55:50 UTC] PHP Deprecated:  Hook woocommerce_rest_api_option_permissions is deprecated since version 6.3.0 with no alternative available. in C:\Users\HP\Local Sites\rainbow-themes\app\public\wp-includes\functions.php on line 6078
[03-Jul-2024 04:55:50 UTC] PHP Deprecated:  Hook woocommerce_rest_api_option_permissions is deprecated since version 6.3.0 with no alternative available. in C:\Users\HP\Local Sites\rainbow-themes\app\public\wp-includes\functions.php on line 6078
[03-Jul-2024 04:55:50 UTC] PHP Deprecated:  Hook woocommerce_rest_api_option_permissions is deprecated since version 6.3.0 with no alternative available. in C:\Users\HP\Local Sites\rainbow-themes\app\public\wp-includes\functions.php on line 6078
[03-Jul-2024 04:55:50 UTC] PHP Deprecated:  Hook woocommerce_rest_api_option_permissions is deprecated since version 6.3.0 with no alternative available. in C:\Users\HP\Local Sites\rainbow-themes\app\public\wp-includes\functions.php on line 6078
[03-Jul-2024 04:55:50 UTC] PHP Deprecated:  Hook woocommerce_rest_api_option_permissions is deprecated since version 6.3.0 with no alternative available. in C:\Users\HP\Local Sites\rainbow-themes\app\public\wp-includes\functions.php on line 6078
[03-Jul-2024 04:55:50 UTC] PHP Deprecated:  Hook woocommerce_rest_api_option_permissions is deprecated since version 6.3.0 with no alternative available. in C:\Users\HP\Local Sites\rainbow-themes\app\public\wp-includes\functions.php on line 6078
[03-Jul-2024 04:55:50 UTC] PHP Deprecated:  Hook woocommerce_rest_api_option_permissions is deprecated since version 6.3.0 with no alternative available. in C:\Users\HP\Local Sites\rainbow-themes\app\public\wp-includes\functions.php on line 6078
[03-Jul-2024 04:55:51 UTC] PHP Deprecated:  Hook woocommerce_rest_api_option_permissions is deprecated since version 6.3.0 with no alternative available. in C:\Users\HP\Local Sites\rainbow-themes\app\public\wp-includes\functions.php on line 6078
[03-Jul-2024 04:55:51 UTC] PHP Deprecated:  Hook woocommerce_rest_api_option_permissions is deprecated since version 6.3.0 with no alternative available. in C:\Users\HP\Local Sites\rainbow-themes\app\public\wp-includes\functions.php on line 6078
[03-Jul-2024 05:15:45 UTC] PHP Fatal error:  Uncaught ValueError: explode(): Argument #1 ($separator) cannot be empty in C:\Users\HP\Local Sites\rainbow-themes\app\public\wp-content\themes\rainbowit\woocommerce\custom\woo-single.php:88
Stack trace:
#0 C:\Users\HP\Local Sites\rainbow-themes\app\public\wp-content\themes\rainbowit\woocommerce\custom\woo-single.php(88): explode('', 'Imroz &#8211; A...')
#1 C:\Users\HP\Local Sites\rainbow-themes\app\public\wp-includes\class-wp-hook.php(324): rainbowit_before_main_content('')
#2 C:\Users\HP\Local Sites\rainbow-themes\app\public\wp-includes\class-wp-hook.php(348): WP_Hook->apply_filters('', Array)
#3 C:\Users\HP\Local Sites\rainbow-themes\app\public\wp-includes\plugin.php(517): WP_Hook->do_action(Array)
#4 C:\Users\HP\Local Sites\rainbow-themes\app\public\wp-content\plugins\woocommerce\templates\single-product.php(31): do_action('woocommerce_bef...')
#5 C:\Users\HP\Local Sites\rainbow-themes\app\public\wp-includes\template-loader.php(106): include('C:\\Users\\HP\\Loc...')
#6 C:\Users\HP\Local Sites\rainbow-themes\app\public\wp-blog-header.php(19): require_once('C:\\Users\\HP\\Loc...')
#7 C:\Users\HP\Local Sites\rainbow-themes\app\public\index.php(17): require('C:\\Users\\HP\\Loc...')
#8 {main}
  thrown in C:\Users\HP\Local Sites\rainbow-themes\app\public\wp-content\themes\rainbowit\woocommerce\custom\woo-single.php on line 88
[03-Jul-2024 05:32:58 UTC] PHP Parse error:  Unclosed '{' on line 19 in C:\Users\HP\Local Sites\rainbow-themes\app\public\wp-content\themes\rainbowit\woocommerce\custom\woo-single.php on line 1043
[03-Jul-2024 05:32:58 UTC] PHP Parse error:  Unclosed '{' on line 19 in C:\Users\HP\Local Sites\rainbow-themes\app\public\wp-content\themes\rainbowit\woocommerce\custom\woo-single.php on line 1043
[03-Jul-2024 05:32:58 UTC] PHP Warning:  Trying to access array offset on value of type bool in C:\Users\HP\Local Sites\rainbow-themes\app\public\wp-includes\class-wp-recovery-mode-email-service.php on line 367
[03-Jul-2024 05:32:58 UTC] PHP Warning:  Trying to access array offset on value of type bool in C:\Users\HP\Local Sites\rainbow-themes\app\public\wp-includes\class-wp-recovery-mode-email-service.php on line 368
[03-Jul-2024 05:32:58 UTC] PHP Parse error:  Unclosed '{' on line 19 in C:\Users\HP\Local Sites\rainbow-themes\app\public\wp-content\themes\rainbowit\woocommerce\custom\woo-single.php on line 1043
[03-Jul-2024 05:32:59 UTC] PHP Parse error:  Unclosed '{' on line 19 in C:\Users\HP\Local Sites\rainbow-themes\app\public\wp-content\themes\rainbowit\woocommerce\custom\woo-single.php on line 1043
[03-Jul-2024 05:50:34 UTC] PHP Deprecated:  Hook woocommerce_rest_api_option_permissions is deprecated since version 6.3.0 with no alternative available. in C:\Users\HP\Local Sites\rainbow-themes\app\public\wp-includes\functions.php on line 6078
[03-Jul-2024 05:50:34 UTC] PHP Deprecated:  Hook woocommerce_rest_api_option_permissions is deprecated since version 6.3.0 with no alternative available. in C:\Users\HP\Local Sites\rainbow-themes\app\public\wp-includes\functions.php on line 6078
[03-Jul-2024 05:50:35 UTC] PHP Deprecated:  Hook woocommerce_rest_api_option_permissions is deprecated since version 6.3.0 with no alternative available. in C:\Users\HP\Local Sites\rainbow-themes\app\public\wp-includes\functions.php on line 6078
[03-Jul-2024 05:50:35 UTC] PHP Deprecated:  Hook woocommerce_rest_api_option_permissions is deprecated since version 6.3.0 with no alternative available. in C:\Users\HP\Local Sites\rainbow-themes\app\public\wp-includes\functions.php on line 6078
[03-Jul-2024 05:50:35 UTC] PHP Deprecated:  Hook woocommerce_rest_api_option_permissions is deprecated since version 6.3.0 with no alternative available. in C:\Users\HP\Local Sites\rainbow-themes\app\public\wp-includes\functions.php on line 6078
[03-Jul-2024 05:50:35 UTC] PHP Deprecated:  Hook woocommerce_rest_api_option_permissions is deprecated since version 6.3.0 with no alternative available. in C:\Users\HP\Local Sites\rainbow-themes\app\public\wp-includes\functions.php on line 6078
[03-Jul-2024 05:50:35 UTC] PHP Deprecated:  Hook woocommerce_rest_api_option_permissions is deprecated since version 6.3.0 with no alternative available. in C:\Users\HP\Local Sites\rainbow-themes\app\public\wp-includes\functions.php on line 6078
[03-Jul-2024 05:50:35 UTC] PHP Deprecated:  Hook woocommerce_rest_api_option_permissions is deprecated since version 6.3.0 with no alternative available. in C:\Users\HP\Local Sites\rainbow-themes\app\public\wp-includes\functions.php on line 6078
[03-Jul-2024 05:50:35 UTC] PHP Deprecated:  Hook woocommerce_rest_api_option_permissions is deprecated since version 6.3.0 with no alternative available. in C:\Users\HP\Local Sites\rainbow-themes\app\public\wp-includes\functions.php on line 6078
[03-Jul-2024 05:50:35 UTC] PHP Deprecated:  Hook woocommerce_rest_api_option_permissions is deprecated since version 6.3.0 with no alternative available. in C:\Users\HP\Local Sites\rainbow-themes\app\public\wp-includes\functions.php on line 6078
[03-Jul-2024 05:50:35 UTC] PHP Deprecated:  Hook woocommerce_rest_api_option_permissions is deprecated since version 6.3.0 with no alternative available. in C:\Users\HP\Local Sites\rainbow-themes\app\public\wp-includes\functions.php on line 6078
[03-Jul-2024 05:50:35 UTC] PHP Deprecated:  Hook woocommerce_rest_api_option_permissions is deprecated since version 6.3.0 with no alternative available. in C:\Users\HP\Local Sites\rainbow-themes\app\public\wp-includes\functions.php on line 6078
[03-Jul-2024 05:50:35 UTC] PHP Deprecated:  Hook woocommerce_rest_api_option_permissions is deprecated since version 6.3.0 with no alternative available. in C:\Users\HP\Local Sites\rainbow-themes\app\public\wp-includes\functions.php on line 6078
[03-Jul-2024 05:50:35 UTC] PHP Deprecated:  Hook woocommerce_rest_api_option_permissions is deprecated since version 6.3.0 with no alternative available. in C:\Users\HP\Local Sites\rainbow-themes\app\public\wp-includes\functions.php on line 6078
[03-Jul-2024 05:50:35 UTC] PHP Deprecated:  Hook woocommerce_rest_api_option_permissions is deprecated since version 6.3.0 with no alternative available. in C:\Users\HP\Local Sites\rainbow-themes\app\public\wp-includes\functions.php on line 6078
[03-Jul-2024 05:50:35 UTC] PHP Deprecated:  Hook woocommerce_rest_api_option_permissions is deprecated since version 6.3.0 with no alternative available. in C:\Users\HP\Local Sites\rainbow-themes\app\public\wp-includes\functions.php on line 6078
[03-Jul-2024 05:50:36 UTC] PHP Deprecated:  Hook woocommerce_rest_api_option_permissions is deprecated since version 6.3.0 with no alternative available. in C:\Users\HP\Local Sites\rainbow-themes\app\public\wp-includes\functions.php on line 6078
[03-Jul-2024 05:50:36 UTC] PHP Deprecated:  Hook woocommerce_rest_api_option_permissions is deprecated since version 6.3.0 with no alternative available. in C:\Users\HP\Local Sites\rainbow-themes\app\public\wp-includes\functions.php on line 6078
[03-Jul-2024 05:50:54 UTC] PHP Deprecated:  Hook woocommerce_rest_api_option_permissions is deprecated since version 6.3.0 with no alternative available. in C:\Users\HP\Local Sites\rainbow-themes\app\public\wp-includes\functions.php on line 6078
[03-Jul-2024 05:50:54 UTC] PHP Deprecated:  Hook woocommerce_rest_api_option_permissions is deprecated since version 6.3.0 with no alternative available. in C:\Users\HP\Local Sites\rainbow-themes\app\public\wp-includes\functions.php on line 6078
[03-Jul-2024 05:50:55 UTC] PHP Deprecated:  Hook woocommerce_rest_api_option_permissions is deprecated since version 6.3.0 with no alternative available. in C:\Users\HP\Local Sites\rainbow-themes\app\public\wp-includes\functions.php on line 6078
[03-Jul-2024 05:50:55 UTC] PHP Deprecated:  Hook woocommerce_rest_api_option_permissions is deprecated since version 6.3.0 with no alternative available. in C:\Users\HP\Local Sites\rainbow-themes\app\public\wp-includes\functions.php on line 6078
[03-Jul-2024 05:50:55 UTC] PHP Deprecated:  Hook woocommerce_rest_api_option_permissions is deprecated since version 6.3.0 with no alternative available. in C:\Users\HP\Local Sites\rainbow-themes\app\public\wp-includes\functions.php on line 6078
[03-Jul-2024 05:50:55 UTC] PHP Deprecated:  Hook woocommerce_rest_api_option_permissions is deprecated since version 6.3.0 with no alternative available. in C:\Users\HP\Local Sites\rainbow-themes\app\public\wp-includes\functions.php on line 6078
[03-Jul-2024 05:50:55 UTC] PHP Deprecated:  Hook woocommerce_rest_api_option_permissions is deprecated since version 6.3.0 with no alternative available. in C:\Users\HP\Local Sites\rainbow-themes\app\public\wp-includes\functions.php on line 6078
[03-Jul-2024 05:50:55 UTC] PHP Deprecated:  Hook woocommerce_rest_api_option_permissions is deprecated since version 6.3.0 with no alternative available. in C:\Users\HP\Local Sites\rainbow-themes\app\public\wp-includes\functions.php on line 6078
[03-Jul-2024 05:50:55 UTC] PHP Deprecated:  Hook woocommerce_rest_api_option_permissions is deprecated since version 6.3.0 with no alternative available. in C:\Users\HP\Local Sites\rainbow-themes\app\public\wp-includes\functions.php on line 6078
[03-Jul-2024 05:50:55 UTC] PHP Deprecated:  Hook woocommerce_rest_api_option_permissions is deprecated since version 6.3.0 with no alternative available. in C:\Users\HP\Local Sites\rainbow-themes\app\public\wp-includes\functions.php on line 6078
[03-Jul-2024 05:50:55 UTC] PHP Deprecated:  Hook woocommerce_rest_api_option_permissions is deprecated since version 6.3.0 with no alternative available. in C:\Users\HP\Local Sites\rainbow-themes\app\public\wp-includes\functions.php on line 6078
[03-Jul-2024 05:50:55 UTC] PHP Deprecated:  Hook woocommerce_rest_api_option_permissions is deprecated since version 6.3.0 with no alternative available. in C:\Users\HP\Local Sites\rainbow-themes\app\public\wp-includes\functions.php on line 6078
[03-Jul-2024 05:50:55 UTC] PHP Deprecated:  Hook woocommerce_rest_api_option_permissions is deprecated since version 6.3.0 with no alternative available. in C:\Users\HP\Local Sites\rainbow-themes\app\public\wp-includes\functions.php on line 6078
[03-Jul-2024 05:50:55 UTC] PHP Deprecated:  Hook woocommerce_rest_api_option_permissions is deprecated since version 6.3.0 with no alternative available. in C:\Users\HP\Local Sites\rainbow-themes\app\public\wp-includes\functions.php on line 6078
[03-Jul-2024 05:50:55 UTC] PHP Deprecated:  Hook woocommerce_rest_api_option_permissions is deprecated since version 6.3.0 with no alternative available. in C:\Users\HP\Local Sites\rainbow-themes\app\public\wp-includes\functions.php on line 6078
[03-Jul-2024 05:50:55 UTC] PHP Deprecated:  Hook woocommerce_rest_api_option_permissions is deprecated since version 6.3.0 with no alternative available. in C:\Users\HP\Local Sites\rainbow-themes\app\public\wp-includes\functions.php on line 6078
[03-Jul-2024 05:50:56 UTC] PHP Deprecated:  Hook woocommerce_rest_api_option_permissions is deprecated since version 6.3.0 with no alternative available. in C:\Users\HP\Local Sites\rainbow-themes\app\public\wp-includes\functions.php on line 6078
[03-Jul-2024 05:50:56 UTC] PHP Deprecated:  Hook woocommerce_rest_api_option_permissions is deprecated since version 6.3.0 with no alternative available. in C:\Users\HP\Local Sites\rainbow-themes\app\public\wp-includes\functions.php on line 6078
[03-Jul-2024 09:50:39 UTC] Cron reschedule event error for hook: action_scheduler_run_queue, Error code: could_not_set, Error message: The cron event list could not be saved., Data: {"schedule":"every_minute","args":["WP Cron"],"interval":60}
